TpTrace Verbose: 0 : 17540, 1, 2022/05/11, 08:08:58.380, 224982816067, vstest.console.dll, Version: 17.1.0-release-20220113-05
TpTrace Information: 0 : 17540, 1, 2022/05/11, 08:08:58.395, 224982935261, vstest.console.dll, FilePatternParser: The given file C:\Users\ninja\Documents\GitHub\project\src\GuitarMaker\GuitarMakerTests\bin\Debug\net5.0-windows\fine-code-coverage\build-output\GuitarMakerTests.dll is a full path.
TpTrace Verbose: 0 : 17540, 1, 2022/05/11, 08:08:58.404, 224983030347, vstest.console.dll, TestPluginCache.DiscoverTestExtensions: finding test extensions in assemblies ends with: RuntimeProvider.dll TPluginInfo: Microsoft.VisualStudio.TestPlatform.Common.ExtensionFramework.Utilities.TestRuntimePluginInformation TExtension: Microsoft.VisualStudio.TestPlatform.ObjectModel.Host.ITestRuntimeProvider
TpTrace Verbose: 0 : 17540, 1, 2022/05/11, 08:08:58.405, 224983034248, vstest.console.dll, TestPluginCache.GetExtensionPaths: Filtered extension paths: 
TpTrace Verbose: 0 : 17540, 1, 2022/05/11, 08:08:58.405, 224983035083, vstest.console.dll, TestPluginCache.GetExtensionPaths: Added default extension paths: C:\Program Files\dotnet\sdk\6.0.201\Extensions\DumpMinitool.exe
C:\Program Files\dotnet\sdk\6.0.201\Extensions\DumpMinitool.x86.exe
C:\Program Files\dotnet\sdk\6.0.201\Extensions\Microsoft.Diagnostics.NETCore.Client.dll
C:\Program Files\dotnet\sdk\6.0.201\Extensions\Microsoft.TestPlatform.Extensions.BlameDataCollector.dll
C:\Program Files\dotnet\sdk\6.0.201\Extensions\Microsoft.TestPlatform.Extensions.EventLogCollector.dll
C:\Program Files\dotnet\sdk\6.0.201\Extensions\Microsoft.TestPlatform.TestHostRuntimeProvider.dll
C:\Program Files\dotnet\sdk\6.0.201\Extensions\Microsoft.VisualStudio.TestPlatform.Extensions.Html.TestLogger.dll
C:\Program Files\dotnet\sdk\6.0.201\Extensions\Microsoft.VisualStudio.TestPlatform.Extensions.Trx.TestLogger.dll
TpTrace Verbose: 0 : 17540, 1, 2022/05/11, 08:08:58.405, 224983035448, vstest.console.dll, TestPluginCache.GetExtensionPaths: Added unfilterableExtensionPaths: 
TpTrace Information: 0 : 17540, 1, 2022/05/11, 08:08:58.406, 224983042341, vstest.console.dll, AssemblyResolver.ctor: Creating AssemblyResolver with searchDirectories C:\Program Files\dotnet\sdk\6.0.201\Extensions,C:\Program Files\dotnet\sdk\6.0.201
TpTrace Verbose: 0 : 17540, 1, 2022/05/11, 08:08:58.407, 224983053705, vstest.console.dll, TestPluginCache.DiscoverTestExtensions: Discovering the extensions using extension path.
TpTrace Verbose: 0 : 17540, 1, 2022/05/11, 08:08:58.407, 224983054793, vstest.console.dll, TestPluginCache.GetExtensionPaths: Filtered extension paths: 
TpTrace Verbose: 0 : 17540, 1, 2022/05/11, 08:08:58.407, 224983055174, vstest.console.dll, TestPluginCache.GetExtensionPaths: Added default extension paths: C:\Program Files\dotnet\sdk\6.0.201\Extensions\DumpMinitool.exe
C:\Program Files\dotnet\sdk\6.0.201\Extensions\DumpMinitool.x86.exe
C:\Program Files\dotnet\sdk\6.0.201\Extensions\Microsoft.Diagnostics.NETCore.Client.dll
C:\Program Files\dotnet\sdk\6.0.201\Extensions\Microsoft.TestPlatform.Extensions.BlameDataCollector.dll
C:\Program Files\dotnet\sdk\6.0.201\Extensions\Microsoft.TestPlatform.Extensions.EventLogCollector.dll
C:\Program Files\dotnet\sdk\6.0.201\Extensions\Microsoft.TestPlatform.TestHostRuntimeProvider.dll
C:\Program Files\dotnet\sdk\6.0.201\Extensions\Microsoft.VisualStudio.TestPlatform.Extensions.Html.TestLogger.dll
C:\Program Files\dotnet\sdk\6.0.201\Extensions\Microsoft.VisualStudio.TestPlatform.Extensions.Trx.TestLogger.dll
TpTrace Verbose: 0 : 17540, 1, 2022/05/11, 08:08:58.407, 224983055526, vstest.console.dll, TestPluginCache.GetExtensionPaths: Added unfilterableExtensionPaths: 
TpTrace Verbose: 0 : 17540, 1, 2022/05/11, 08:08:58.407, 224983056043, vstest.console.dll, TestPluginCache.DiscoverTestExtensions: Discovering the extensions using allExtensionPaths: C:\Program Files\dotnet\sdk\6.0.201\Extensions\DumpMinitool.exe
C:\Program Files\dotnet\sdk\6.0.201\Extensions\DumpMinitool.x86.exe
C:\Program Files\dotnet\sdk\6.0.201\Extensions\Microsoft.Diagnostics.NETCore.Client.dll
C:\Program Files\dotnet\sdk\6.0.201\Extensions\Microsoft.TestPlatform.Extensions.BlameDataCollector.dll
C:\Program Files\dotnet\sdk\6.0.201\Extensions\Microsoft.TestPlatform.Extensions.EventLogCollector.dll
C:\Program Files\dotnet\sdk\6.0.201\Extensions\Microsoft.TestPlatform.TestHostRuntimeProvider.dll
C:\Program Files\dotnet\sdk\6.0.201\Extensions\Microsoft.VisualStudio.TestPlatform.Extensions.Html.TestLogger.dll
C:\Program Files\dotnet\sdk\6.0.201\Extensions\Microsoft.VisualStudio.TestPlatform.Extensions.Trx.TestLogger.dll
TpTrace Information: 0 : 17540, 1, 2022/05/11, 08:08:58.407, 224983057423, vstest.console.dll, AssemblyResolver.AddSearchDirectories: Adding more searchDirectories C:\Program Files\dotnet\sdk\6.0.201\Extensions,C:\Program Files\dotnet\sdk\6.0.201
TpTrace Information: 0 : 17540, 1, 2022/05/11, 08:08:58.407, 224983057920, vstest.console.dll, AssemblyResolver.AddSearchDirectories: Adding more searchDirectories C:\Program Files\dotnet\sdk\6.0.201\Extensions,C:\Program Files\dotnet\sdk\6.0.201
TpTrace Information: 0 : 17540, 1, 2022/05/11, 08:08:58.407, 224983058277, vstest.console.dll, AssemblyResolver.AddSearchDirectories: Adding more searchDirectories C:\Program Files\dotnet\sdk\6.0.201\Extensions,C:\Program Files\dotnet\sdk\6.0.201
TpTrace Information: 0 : 17540, 1, 2022/05/11, 08:08:58.407, 224983058559, vstest.console.dll, AssemblyResolver.AddSearchDirectories: Adding more searchDirectories C:\Program Files\dotnet\sdk\6.0.201\Extensions,C:\Program Files\dotnet\sdk\6.0.201
TpTrace Information: 0 : 17540, 1, 2022/05/11, 08:08:58.407, 224983058832, vstest.console.dll, AssemblyResolver.AddSearchDirectories: Adding more searchDirectories C:\Program Files\dotnet\sdk\6.0.201\Extensions,C:\Program Files\dotnet\sdk\6.0.201
TpTrace Information: 0 : 17540, 1, 2022/05/11, 08:08:58.407, 224983059136, vstest.console.dll, AssemblyResolver.AddSearchDirectories: Adding more searchDirectories C:\Program Files\dotnet\sdk\6.0.201\Extensions,C:\Program Files\dotnet\sdk\6.0.201
TpTrace Information: 0 : 17540, 1, 2022/05/11, 08:08:58.407, 224983059412, vstest.console.dll, AssemblyResolver.AddSearchDirectories: Adding more searchDirectories C:\Program Files\dotnet\sdk\6.0.201\Extensions,C:\Program Files\dotnet\sdk\6.0.201
TpTrace Information: 0 : 17540, 1, 2022/05/11, 08:08:58.407, 224983059678, vstest.console.dll, AssemblyResolver.AddSearchDirectories: Adding more searchDirectories C:\Program Files\dotnet\sdk\6.0.201\Extensions,C:\Program Files\dotnet\sdk\6.0.201
TpTrace Information: 0 : 17540, 1, 2022/05/11, 08:08:58.408, 224983069530, vstest.console.dll, AssemblyResolver.OnResolve: DumpMinitool: Resolving assembly.
TpTrace Information: 0 : 17540, 1, 2022/05/11, 08:08:58.408, 224983070141, vstest.console.dll, AssemblyResolver.OnResolve: DumpMinitool: Searching in: 'C:\Program Files\dotnet\sdk\6.0.201\Extensions'.
TpTrace Information: 0 : 17540, 1, 2022/05/11, 08:08:58.408, 224983071173, vstest.console.dll, AssemblyResolver.OnResolve: DumpMinitool: Assembly path does not exist: 'C:\Program Files\dotnet\sdk\6.0.201\Extensions\DumpMinitool.dll', returning.
TpTrace Information: 0 : 17540, 1, 2022/05/11, 08:08:58.409, 224983077479, vstest.console.dll, AssemblyResolver.OnResolve: DumpMinitool: Loading assembly 'C:\Program Files\dotnet\sdk\6.0.201\Extensions\DumpMinitool.exe'.
TpTrace Information: 0 : 17540, 1, 2022/05/11, 08:08:58.409, 224983080952, vstest.console.dll, AssemblyResolver.OnResolve: Resolved assembly: DumpMinitool, from path: C:\Program Files\dotnet\sdk\6.0.201\Extensions\DumpMinitool.exe
TpTrace Information: 0 : 17540, 1, 2022/05/11, 08:08:58.414, 224983124130, vstest.console.dll, AssemblyResolver.OnResolve: DumpMinitool.x86: Resolving assembly.
TpTrace Information: 0 : 17540, 1, 2022/05/11, 08:08:58.414, 224983124734, vstest.console.dll, AssemblyResolver.OnResolve: DumpMinitool.x86: Searching in: 'C:\Program Files\dotnet\sdk\6.0.201\Extensions'.
TpTrace Information: 0 : 17540, 1, 2022/05/11, 08:08:58.414, 224983125553, vstest.console.dll, AssemblyResolver.OnResolve: DumpMinitool.x86: Assembly path does not exist: 'C:\Program Files\dotnet\sdk\6.0.201\Extensions\DumpMinitool.x86.dll', returning.
TpTrace Information: 0 : 17540, 1, 2022/05/11, 08:08:58.414, 224983131787, vstest.console.dll, AssemblyResolver.OnResolve: DumpMinitool.x86: Loading assembly 'C:\Program Files\dotnet\sdk\6.0.201\Extensions\DumpMinitool.x86.exe'.
TpTrace Information: 0 : 17540, 1, 2022/05/11, 08:08:58.415, 224983134600, vstest.console.dll, AssemblyResolver.OnResolve: Resolved assembly: DumpMinitool.x86, from path: C:\Program Files\dotnet\sdk\6.0.201\Extensions\DumpMinitool.x86.exe
TpTrace Information: 0 : 17540, 1, 2022/05/11, 08:08:58.415, 224983136664, vstest.console.dll, AssemblyResolver.OnResolve: Microsoft.Diagnostics.NETCore.Client: Resolving assembly.
TpTrace Information: 0 : 17540, 1, 2022/05/11, 08:08:58.415, 224983137091, vstest.console.dll, AssemblyResolver.OnResolve: Microsoft.Diagnostics.NETCore.Client: Searching in: 'C:\Program Files\dotnet\sdk\6.0.201\Extensions'.
TpTrace Information: 0 : 17540, 1, 2022/05/11, 08:08:58.417, 224983153685, vstest.console.dll, AssemblyResolver.OnResolve: Microsoft.Diagnostics.NETCore.Client: Loading assembly 'C:\Program Files\dotnet\sdk\6.0.201\Extensions\Microsoft.Diagnostics.NETCore.Client.dll'.
TpTrace Information: 0 : 17540, 1, 2022/05/11, 08:08:58.418, 224983170871, vstest.console.dll, AssemblyResolver.OnResolve: Resolved assembly: Microsoft.Diagnostics.NETCore.Client, from path: C:\Program Files\dotnet\sdk\6.0.201\Extensions\Microsoft.Diagnostics.NETCore.Client.dll
TpTrace Information: 0 : 17540, 1, 2022/05/11, 08:08:58.420, 224983191197, vstest.console.dll, AssemblyResolver.OnResolve: Microsoft.Bcl.AsyncInterfaces: Resolving assembly.
TpTrace Information: 0 : 17540, 1, 2022/05/11, 08:08:58.420, 224983191747, vstest.console.dll, AssemblyResolver.OnResolve: Microsoft.Bcl.AsyncInterfaces: Searching in: 'C:\Program Files\dotnet\sdk\6.0.201\Extensions'.
TpTrace Information: 0 : 17540, 1, 2022/05/11, 08:08:58.421, 224983192509, vstest.console.dll, AssemblyResolver.OnResolve: Microsoft.Bcl.AsyncInterfaces: Assembly path does not exist: 'C:\Program Files\dotnet\sdk\6.0.201\Extensions\Microsoft.Bcl.AsyncInterfaces.dll', returning.
TpTrace Information: 0 : 17540, 1, 2022/05/11, 08:08:58.421, 224983193167, vstest.console.dll, AssemblyResolver.OnResolve: Microsoft.Bcl.AsyncInterfaces: Assembly path does not exist: 'C:\Program Files\dotnet\sdk\6.0.201\Extensions\Microsoft.Bcl.AsyncInterfaces.exe', returning.
TpTrace Information: 0 : 17540, 1, 2022/05/11, 08:08:58.421, 224983193533, vstest.console.dll, AssemblyResolver.OnResolve: Microsoft.Bcl.AsyncInterfaces: Searching in: 'C:\Program Files\dotnet\sdk\6.0.201'.
TpTrace Information: 0 : 17540, 1, 2022/05/11, 08:08:58.421, 224983194129, vstest.console.dll, AssemblyResolver.OnResolve: Microsoft.Bcl.AsyncInterfaces: Assembly path does not exist: 'C:\Program Files\dotnet\sdk\6.0.201\Microsoft.Bcl.AsyncInterfaces.dll', returning.
TpTrace Information: 0 : 17540, 1, 2022/05/11, 08:08:58.421, 224983194722, vstest.console.dll, AssemblyResolver.OnResolve: Microsoft.Bcl.AsyncInterfaces: Assembly path does not exist: 'C:\Program Files\dotnet\sdk\6.0.201\Microsoft.Bcl.AsyncInterfaces.exe', returning.
TpTrace Information: 0 : 17540, 1, 2022/05/11, 08:08:58.421, 224983195016, vstest.console.dll, AssemblyResolver.OnResolve: Microsoft.Bcl.AsyncInterfaces: Failed to load assembly.
TpTrace Verbose: 0 : 17540, 1, 2022/05/11, 08:08:58.421, 224983195446, vstest.console.dll, CurrentDomainAssemblyResolve: Resolving assembly 'Microsoft.Bcl.AsyncInterfaces'.
TpTrace Information: 0 : 17540, 1, 2022/05/11, 08:08:58.421, 224983195947, vstest.console.dll, AssemblyResolver.OnResolve: Microsoft.Bcl.AsyncInterfaces: Resolving assembly.
TpTrace Information: 0 : 17540, 1, 2022/05/11, 08:08:58.421, 224983196304, vstest.console.dll, AssemblyResolver.OnResolve: Microsoft.Bcl.AsyncInterfaces: Resolved from cache.
TpTrace Verbose: 0 : 17540, 1, 2022/05/11, 08:08:58.421, 224983196596, vstest.console.dll, CurrentDomainAssemblyResolve: Resolving assembly 'Microsoft.Bcl.AsyncInterfaces'.
TpTrace Verbose: 0 : 17540, 1, 2022/05/11, 08:08:58.421, 224983196970, vstest.console.dll, CurrentDomainAssemblyResolve: Failed to resolve assembly 'Microsoft.Bcl.AsyncInterfaces'.
TpTrace Verbose: 0 : 17540, 1, 2022/05/11, 08:08:58.432, 224983308303, vstest.console.dll, CurrentDomainAssemblyResolve: Failed to resolve assembly 'Microsoft.Bcl.AsyncInterfaces'.
TpTrace Warning: 0 : 17540, 1, 2022/05/11, 08:08:58.484, 224983825409, vstest.console.dll, TestPluginDiscoverer: Failed to get types from assembly 'Microsoft.Diagnostics.NETCore.Client, Version=0.2.5.801, Culture=neutral, PublicKeyToken=31bf3856ad364e35'.  Skipping test extension scan for this assembly.  Error: System.Reflection.ReflectionTypeLoadException: Unable to load one or more of the requested types.
Could not load file or assembly 'Microsoft.Bcl.AsyncInterfaces, Version=1.0.0.0, Culture=neutral, PublicKeyToken=cc7b13ffcd2ddd51'. The system cannot find the file specified.
   at System.Reflection.RuntimeModule.GetTypes(RuntimeModule module)
   at System.Reflection.Assembly.GetTypes()
   at Microsoft.VisualStudio.TestPlatform.Common.ExtensionFramework.TestPluginDiscoverer.GetTestExtensionsFromAssembly[TPluginInfo,TExtension](Assembly assembly, Dictionary`2 pluginInfos)
System.IO.FileNotFoundException: Could not load file or assembly 'Microsoft.Bcl.AsyncInterfaces, Version=1.0.0.0, Culture=neutral, PublicKeyToken=cc7b13ffcd2ddd51'. The system cannot find the file specified.
File name: 'Microsoft.Bcl.AsyncInterfaces, Version=1.0.0.0, Culture=neutral, PublicKeyToken=cc7b13ffcd2ddd51'
 ---> System.IO.FileNotFoundException: Could not load file or assembly 'Microsoft.Bcl.AsyncInterfaces, Culture=neutral, PublicKeyToken=null'. The system cannot find the file specified.
File name: 'Microsoft.Bcl.AsyncInterfaces, Culture=neutral, PublicKeyToken=null'
   at System.Reflection.RuntimeAssembly.InternalLoad(ObjectHandleOnStack assemblyName, ObjectHandleOnStack requestingAssembly, StackCrawlMarkHandle stackMark, Boolean throwOnFileNotFound, ObjectHandleOnStack assemblyLoadContext, ObjectHandleOnStack retAssembly)
   at System.Reflection.RuntimeAssembly.InternalLoad(AssemblyName assemblyName, RuntimeAssembly requestingAssembly, StackCrawlMark& stackMark, Boolean throwOnFileNotFound, AssemblyLoadContext assemblyLoadContext)
   at System.Reflection.Assembly.Load(AssemblyName assemblyRef)
   at Microsoft.VisualStudio.TestPlatform.Common.ExtensionFramework.TestPluginCache.CurrentDomainAssemblyResolve(Object sender, AssemblyResolveEventArgs args)
   at Microsoft.VisualStudio.TestPlatform.PlatformAbstractions.PlatformAssemblyResolver.AssemblyResolverEvent(Object sender, Object eventArgs)
   at System.Runtime.Loader.AssemblyLoadContext.GetFirstResolvedAssemblyFromResolvingEvent(AssemblyName assemblyName)
   at System.Runtime.Loader.AssemblyLoadContext.ResolveUsingEvent(AssemblyName assemblyName)
   at System.Runtime.Loader.AssemblyLoadContext.ResolveUsingResolvingEvent(IntPtr gchManagedAssemblyLoadContext, AssemblyName assemblyName)
TpTrace Warning: 0 : 17540, 1, 2022/05/11, 08:08:58.484, 224983827189, vstest.console.dll, LoaderExceptions: System.IO.FileNotFoundException: Could not load file or assembly 'Microsoft.Bcl.AsyncInterfaces, Version=1.0.0.0, Culture=neutral, PublicKeyToken=cc7b13ffcd2ddd51'. The system cannot find the file specified.
File name: 'Microsoft.Bcl.AsyncInterfaces, Version=1.0.0.0, Culture=neutral, PublicKeyToken=cc7b13ffcd2ddd51'
 ---> System.IO.FileNotFoundException: Could not load file or assembly 'Microsoft.Bcl.AsyncInterfaces, Culture=neutral, PublicKeyToken=null'. The system cannot find the file specified.
File name: 'Microsoft.Bcl.AsyncInterfaces, Culture=neutral, PublicKeyToken=null'
   at System.Reflection.RuntimeAssembly.InternalLoad(ObjectHandleOnStack assemblyName, ObjectHandleOnStack requestingAssembly, StackCrawlMarkHandle stackMark, Boolean throwOnFileNotFound, ObjectHandleOnStack assemblyLoadContext, ObjectHandleOnStack retAssembly)
   at System.Reflection.RuntimeAssembly.InternalLoad(AssemblyName assemblyName, RuntimeAssembly requestingAssembly, StackCrawlMark& stackMark, Boolean throwOnFileNotFound, AssemblyLoadContext assemblyLoadContext)
   at System.Reflection.Assembly.Load(AssemblyName assemblyRef)
   at Microsoft.VisualStudio.TestPlatform.Common.ExtensionFramework.TestPluginCache.CurrentDomainAssemblyResolve(Object sender, AssemblyResolveEventArgs args)
   at Microsoft.VisualStudio.TestPlatform.PlatformAbstractions.PlatformAssemblyResolver.AssemblyResolverEvent(Object sender, Object eventArgs)
   at System.Runtime.Loader.AssemblyLoadContext.GetFirstResolvedAssemblyFromResolvingEvent(AssemblyName assemblyName)
   at System.Runtime.Loader.AssemblyLoadContext.ResolveUsingEvent(AssemblyName assemblyName)
   at System.Runtime.Loader.AssemblyLoadContext.ResolveUsingResolvingEvent(IntPtr gchManagedAssemblyLoadContext, AssemblyName assemblyName)
TpTrace Information: 0 : 17540, 1, 2022/05/11, 08:08:58.484, 224983828457, vstest.console.dll, AssemblyResolver.OnResolve: Microsoft.TestPlatform.Extensions.BlameDataCollector: Resolving assembly.
TpTrace Information: 0 : 17540, 1, 2022/05/11, 08:08:58.484, 224983828862, vstest.console.dll, AssemblyResolver.OnResolve: Microsoft.TestPlatform.Extensions.BlameDataCollector: Searching in: 'C:\Program Files\dotnet\sdk\6.0.201\Extensions'.
TpTrace Information: 0 : 17540, 1, 2022/05/11, 08:08:58.485, 224983840986, vstest.console.dll, AssemblyResolver.OnResolve: Microsoft.TestPlatform.Extensions.BlameDataCollector: Loading assembly 'C:\Program Files\dotnet\sdk\6.0.201\Extensions\Microsoft.TestPlatform.Extensions.BlameDataCollector.dll'.
TpTrace Information: 0 : 17540, 1, 2022/05/11, 08:08:58.486, 224983844689, vstest.console.dll, AssemblyResolver.OnResolve: Resolved assembly: Microsoft.TestPlatform.Extensions.BlameDataCollector, from path: C:\Program Files\dotnet\sdk\6.0.201\Extensions\Microsoft.TestPlatform.Extensions.BlameDataCollector.dll
TpTrace Information: 0 : 17540, 1, 2022/05/11, 08:08:58.487, 224983852509, vstest.console.dll, AssemblyResolver.OnResolve: Microsoft.TestPlatform.Extensions.EventLogCollector: Resolving assembly.
TpTrace Information: 0 : 17540, 1, 2022/05/11, 08:08:58.487, 224983852969, vstest.console.dll, AssemblyResolver.OnResolve: Microsoft.TestPlatform.Extensions.EventLogCollector: Searching in: 'C:\Program Files\dotnet\sdk\6.0.201\Extensions'.
TpTrace Information: 0 : 17540, 1, 2022/05/11, 08:08:58.487, 224983860464, vstest.console.dll, AssemblyResolver.OnResolve: Microsoft.TestPlatform.Extensions.EventLogCollector: Loading assembly 'C:\Program Files\dotnet\sdk\6.0.201\Extensions\Microsoft.TestPlatform.Extensions.EventLogCollector.dll'.
TpTrace Information: 0 : 17540, 1, 2022/05/11, 08:08:58.488, 224983863195, vstest.console.dll, AssemblyResolver.OnResolve: Resolved assembly: Microsoft.TestPlatform.Extensions.EventLogCollector, from path: C:\Program Files\dotnet\sdk\6.0.201\Extensions\Microsoft.TestPlatform.Extensions.EventLogCollector.dll
TpTrace Information: 0 : 17540, 1, 2022/05/11, 08:08:58.488, 224983872296, vstest.console.dll, AssemblyResolver.OnResolve: Microsoft.TestPlatform.TestHostRuntimeProvider: Resolving assembly.
TpTrace Information: 0 : 17540, 1, 2022/05/11, 08:08:58.489, 224983872760, vstest.console.dll, AssemblyResolver.OnResolve: Microsoft.TestPlatform.TestHostRuntimeProvider: Searching in: 'C:\Program Files\dotnet\sdk\6.0.201\Extensions'.
TpTrace Information: 0 : 17540, 1, 2022/05/11, 08:08:58.489, 224983880202, vstest.console.dll, AssemblyResolver.OnResolve: Microsoft.TestPlatform.TestHostRuntimeProvider: Loading assembly 'C:\Program Files\dotnet\sdk\6.0.201\Extensions\Microsoft.TestPlatform.TestHostRuntimeProvider.dll'.
TpTrace Information: 0 : 17540, 1, 2022/05/11, 08:08:58.490, 224983890871, vstest.console.dll, AssemblyResolver.OnResolve: Resolved assembly: Microsoft.TestPlatform.TestHostRuntimeProvider, from path: C:\Program Files\dotnet\sdk\6.0.201\Extensions\Microsoft.TestPlatform.TestHostRuntimeProvider.dll
TpTrace Information: 0 : 17540, 1, 2022/05/11, 08:08:58.492, 224983903285, vstest.console.dll, AssemblyResolver.OnResolve: Microsoft.VisualStudio.TestPlatform.Extensions.Html.TestLogger: Resolving assembly.
TpTrace Information: 0 : 17540, 1, 2022/05/11, 08:08:58.492, 224983903875, vstest.console.dll, AssemblyResolver.OnResolve: Microsoft.VisualStudio.TestPlatform.Extensions.Html.TestLogger: Searching in: 'C:\Program Files\dotnet\sdk\6.0.201\Extensions'.
TpTrace Information: 0 : 17540, 1, 2022/05/11, 08:08:58.493, 224983914206, vstest.console.dll, AssemblyResolver.OnResolve: Microsoft.VisualStudio.TestPlatform.Extensions.Html.TestLogger: Loading assembly 'C:\Program Files\dotnet\sdk\6.0.201\Extensions\Microsoft.VisualStudio.TestPlatform.Extensions.Html.TestLogger.dll'.
TpTrace Information: 0 : 17540, 1, 2022/05/11, 08:08:58.493, 224983921081, vstest.console.dll, AssemblyResolver.OnResolve: Resolved assembly: Microsoft.VisualStudio.TestPlatform.Extensions.Html.TestLogger, from path: C:\Program Files\dotnet\sdk\6.0.201\Extensions\Microsoft.VisualStudio.TestPlatform.Extensions.Html.TestLogger.dll
TpTrace Information: 0 : 17540, 1, 2022/05/11, 08:08:58.494, 224983923731, vstest.console.dll, AssemblyResolver.OnResolve: Microsoft.VisualStudio.TestPlatform.Extensions.Trx.TestLogger: Resolving assembly.
TpTrace Information: 0 : 17540, 1, 2022/05/11, 08:08:58.494, 224983924163, vstest.console.dll, AssemblyResolver.OnResolve: Microsoft.VisualStudio.TestPlatform.Extensions.Trx.TestLogger: Searching in: 'C:\Program Files\dotnet\sdk\6.0.201\Extensions'.
TpTrace Information: 0 : 17540, 1, 2022/05/11, 08:08:58.495, 224983935342, vstest.console.dll, AssemblyResolver.OnResolve: Microsoft.VisualStudio.TestPlatform.Extensions.Trx.TestLogger: Loading assembly 'C:\Program Files\dotnet\sdk\6.0.201\Extensions\Microsoft.VisualStudio.TestPlatform.Extensions.Trx.TestLogger.dll'.
TpTrace Information: 0 : 17540, 1, 2022/05/11, 08:08:58.496, 224983943483, vstest.console.dll, AssemblyResolver.OnResolve: Resolved assembly: Microsoft.VisualStudio.TestPlatform.Extensions.Trx.TestLogger, from path: C:\Program Files\dotnet\sdk\6.0.201\Extensions\Microsoft.VisualStudio.TestPlatform.Extensions.Trx.TestLogger.dll
TpTrace Verbose: 0 : 17540, 1, 2022/05/11, 08:08:58.497, 224983954225, vstest.console.dll, TestPluginCache: Discovered the extensions using extension path ''.
TpTrace Verbose: 0 : 17540, 1, 2022/05/11, 08:08:58.497, 224983954823, vstest.console.dll, TestPluginCache: Discoverers are ''.
TpTrace Verbose: 0 : 17540, 1, 2022/05/11, 08:08:58.497, 224983955113, vstest.console.dll, TestPluginCache: Executors are ''.
TpTrace Verbose: 0 : 17540, 1, 2022/05/11, 08:08:58.497, 224983955357, vstest.console.dll, TestPluginCache: Executors2 are ''.
TpTrace Verbose: 0 : 17540, 1, 2022/05/11, 08:08:58.497, 224983955593, vstest.console.dll, TestPluginCache: Setting providers are ''.
TpTrace Verbose: 0 : 17540, 1, 2022/05/11, 08:08:58.497, 224983955828, vstest.console.dll, TestPluginCache: Loggers are ''.
TpTrace Information: 0 : 17540, 1, 2022/05/11, 08:08:58.501, 224983997213, vstest.console.dll, RunTestsArgumentProcessor:Execute: Test run is starting.
TpTrace Verbose: 0 : 17540, 1, 2022/05/11, 08:08:58.501, 224983997995, vstest.console.dll, RunTestsArgumentProcessor:Execute: Queuing Test run.
TpTrace Information: 0 : 17540, 1, 2022/05/11, 08:08:58.501, 224983999557, vstest.console.dll, TestRequestManager.RunTests: run tests started.
TpTrace Information: 0 : 17540, 1, 2022/05/11, 08:08:58.506, 224984046737, vstest.console.dll, AssemblyMetadataProvider.GetFrameWork: Determined framework:'.NETCoreApp,Version=v5.0' for source: 'C:\Users\ninja\Documents\GitHub\project\src\GuitarMaker\GuitarMakerTests\bin\Debug\net5.0-windows\fine-code-coverage\build-output\GuitarMakerTests.dll'
TpTrace Information: 0 : 17540, 1, 2022/05/11, 08:08:58.506, 224984048217, vstest.console.dll, Determined framework for all sources: .NETCoreApp,Version=v5.0
TpTrace Verbose: 0 : 17540, 1, 2022/05/11, 08:08:58.506, 224984050538, vstest.console.dll, Default architecture: X64 IsDefaultTargetArchitecture: True
TpTrace Information: 0 : 17540, 1, 2022/05/11, 08:08:58.507, 224984052997, vstest.console.dll, AssemblyMetadataProvider.GetArchitecture: Determined architecture:AnyCPU info for assembly: C:\Users\ninja\Documents\GitHub\project\src\GuitarMaker\GuitarMakerTests\bin\Debug\net5.0-windows\fine-code-coverage\build-output\GuitarMakerTests.dll
TpTrace Information: 0 : 17540, 1, 2022/05/11, 08:08:58.507, 224984053423, vstest.console.dll, Determined platform for source 'C:\Users\ninja\Documents\GitHub\project\src\GuitarMaker\GuitarMakerTests\bin\Debug\net5.0-windows\fine-code-coverage\build-output\GuitarMakerTests.dll' is 'AnyCPU'
TpTrace Information: 0 : 17540, 1, 2022/05/11, 08:08:58.508, 224984068287, vstest.console.dll, Determined platform for all sources: X64
TpTrace Information: 0 : 17540, 1, 2022/05/11, 08:08:58.508, 224984069147, vstest.console.dll, Infered platform 'X64'.
TpTrace Information: 0 : 17540, 1, 2022/05/11, 08:08:58.508, 224984069482, vstest.console.dll, Platform update to 'X64' required.
TpTrace Information: 0 : 17540, 1, 2022/05/11, 08:08:58.510, 224984089602, vstest.console.dll, Compatible sources list : 
TpTrace Information: 0 : 17540, 1, 2022/05/11, 08:08:58.510, 224984090210, vstest.console.dll, C:\Users\ninja\Documents\GitHub\project\src\GuitarMaker\GuitarMakerTests\bin\Debug\net5.0-windows\fine-code-coverage\build-output\GuitarMakerTests.dll
TpTrace Information: 0 : 17540, 1, 2022/05/11, 08:08:58.515, 224984141442, vstest.console.dll, InferRunSettingsHelper.IsTestSettingsEnabled: Unable to navigate to RunSettings/MSTest. Current node: RunSettings
TpTrace Information: 0 : 17540, 1, 2022/05/11, 08:08:58.516, 224984146943, vstest.console.dll, AssemblyResolver.OnResolve: Microsoft.VisualStudio.TestPlatform.Fakes: Resolving assembly.
TpTrace Information: 0 : 17540, 1, 2022/05/11, 08:08:58.516, 224984147559, vstest.console.dll, AssemblyResolver.OnResolve: Microsoft.VisualStudio.TestPlatform.Fakes: Searching in: 'C:\Program Files\dotnet\sdk\6.0.201\Extensions'.
TpTrace Information: 0 : 17540, 1, 2022/05/11, 08:08:58.516, 224984148738, vstest.console.dll, AssemblyResolver.OnResolve: Microsoft.VisualStudio.TestPlatform.Fakes: Assembly path does not exist: 'C:\Program Files\dotnet\sdk\6.0.201\Extensions\Microsoft.VisualStudio.TestPlatform.Fakes.dll', returning.
TpTrace Information: 0 : 17540, 1, 2022/05/11, 08:08:58.516, 224984149502, vstest.console.dll, AssemblyResolver.OnResolve: Microsoft.VisualStudio.TestPlatform.Fakes: Assembly path does not exist: 'C:\Program Files\dotnet\sdk\6.0.201\Extensions\Microsoft.VisualStudio.TestPlatform.Fakes.exe', returning.
TpTrace Information: 0 : 17540, 1, 2022/05/11, 08:08:58.516, 224984149815, vstest.console.dll, AssemblyResolver.OnResolve: Microsoft.VisualStudio.TestPlatform.Fakes: Searching in: 'C:\Program Files\dotnet\sdk\6.0.201'.
TpTrace Information: 0 : 17540, 1, 2022/05/11, 08:08:58.516, 224984150441, vstest.console.dll, AssemblyResolver.OnResolve: Microsoft.VisualStudio.TestPlatform.Fakes: Assembly path does not exist: 'C:\Program Files\dotnet\sdk\6.0.201\Microsoft.VisualStudio.TestPlatform.Fakes.dll', returning.
TpTrace Information: 0 : 17540, 1, 2022/05/11, 08:08:58.516, 224984151048, vstest.console.dll, AssemblyResolver.OnResolve: Microsoft.VisualStudio.TestPlatform.Fakes: Assembly path does not exist: 'C:\Program Files\dotnet\sdk\6.0.201\Microsoft.VisualStudio.TestPlatform.Fakes.exe', returning.
TpTrace Information: 0 : 17540, 1, 2022/05/11, 08:08:58.516, 224984151425, vstest.console.dll, AssemblyResolver.OnResolve: Microsoft.VisualStudio.TestPlatform.Fakes: Failed to load assembly.
TpTrace Information: 0 : 17540, 1, 2022/05/11, 08:08:58.517, 224984153463, vstest.console.dll, Failed to load assembly Microsoft.VisualStudio.TestPlatform.Fakes, Version=17.0.0.0, Culture=neutral. Reason:System.IO.FileNotFoundException: Could not load file or assembly 'Microsoft.VisualStudio.TestPlatform.Fakes, Version=17.0.0.0, Culture=neutral, PublicKeyToken=null'. The system cannot find the file specified.
File name: 'Microsoft.VisualStudio.TestPlatform.Fakes, Version=17.0.0.0, Culture=neutral, PublicKeyToken=null'
   at System.Reflection.RuntimeAssembly.InternalLoad(ObjectHandleOnStack assemblyName, ObjectHandleOnStack requestingAssembly, StackCrawlMarkHandle stackMark, Boolean throwOnFileNotFound, ObjectHandleOnStack assemblyLoadContext, ObjectHandleOnStack retAssembly)
   at System.Reflection.RuntimeAssembly.InternalLoad(AssemblyName assemblyName, RuntimeAssembly requestingAssembly, StackCrawlMark& stackMark, Boolean throwOnFileNotFound, AssemblyLoadContext assemblyLoadContext)
   at System.Reflection.Assembly.Load(AssemblyName assemblyRef)
   at Microsoft.VisualStudio.TestPlatform.Common.Utilities.FakesUtilities.LoadTestPlatformAssembly()
TpTrace Verbose: 0 : 17540, 1, 2022/05/11, 08:08:58.520, 224984189953, vstest.console.dll, TestPluginCache.DiscoverTestExtensions: finding test extensions in assemblies ends with: TestLogger.dll TPluginInfo: Microsoft.VisualStudio.TestPlatform.Common.ExtensionFramework.Utilities.TestLoggerPluginInformation TExtension: Microsoft.VisualStudio.TestPlatform.ObjectModel.Client.ITestLogger
TpTrace Verbose: 0 : 17540, 1, 2022/05/11, 08:08:58.520, 224984191114, vstest.console.dll, TestPluginCache.GetExtensionPaths: Filtered extension paths: 
TpTrace Verbose: 0 : 17540, 1, 2022/05/11, 08:08:58.520, 224984191502, vstest.console.dll, TestPluginCache.GetExtensionPaths: Added default extension paths: C:\Program Files\dotnet\sdk\6.0.201\Extensions\DumpMinitool.exe
C:\Program Files\dotnet\sdk\6.0.201\Extensions\DumpMinitool.x86.exe
C:\Program Files\dotnet\sdk\6.0.201\Extensions\Microsoft.Diagnostics.NETCore.Client.dll
C:\Program Files\dotnet\sdk\6.0.201\Extensions\Microsoft.TestPlatform.Extensions.BlameDataCollector.dll
C:\Program Files\dotnet\sdk\6.0.201\Extensions\Microsoft.TestPlatform.Extensions.EventLogCollector.dll
C:\Program Files\dotnet\sdk\6.0.201\Extensions\Microsoft.TestPlatform.TestHostRuntimeProvider.dll
C:\Program Files\dotnet\sdk\6.0.201\Extensions\Microsoft.VisualStudio.TestPlatform.Extensions.Html.TestLogger.dll
C:\Program Files\dotnet\sdk\6.0.201\Extensions\Microsoft.VisualStudio.TestPlatform.Extensions.Trx.TestLogger.dll
TpTrace Verbose: 0 : 17540, 1, 2022/05/11, 08:08:58.520, 224984191857, vstest.console.dll, TestPluginCache.GetExtensionPaths: Added unfilterableExtensionPaths: 
TpTrace Information: 0 : 17540, 1, 2022/05/11, 08:08:58.521, 224984193404, vstest.console.dll, AssemblyResolver.AddSearchDirectories: Adding more searchDirectories C:\Program Files\dotnet\sdk\6.0.201\Extensions,C:\Program Files\dotnet\sdk\6.0.201
TpTrace Verbose: 0 : 17540, 1, 2022/05/11, 08:08:58.521, 224984193865, vstest.console.dll, TestPluginCache.DiscoverTestExtensions: Discovering the extensions using extension path.
TpTrace Verbose: 0 : 17540, 1, 2022/05/11, 08:08:58.521, 224984194204, vstest.console.dll, TestPluginCache.GetExtensionPaths: Filtered extension paths: 
TpTrace Verbose: 0 : 17540, 1, 2022/05/11, 08:08:58.521, 224984194479, vstest.console.dll, TestPluginCache.GetExtensionPaths: Added default extension paths: C:\Program Files\dotnet\sdk\6.0.201\Extensions\DumpMinitool.exe
C:\Program Files\dotnet\sdk\6.0.201\Extensions\DumpMinitool.x86.exe
C:\Program Files\dotnet\sdk\6.0.201\Extensions\Microsoft.Diagnostics.NETCore.Client.dll
C:\Program Files\dotnet\sdk\6.0.201\Extensions\Microsoft.TestPlatform.Extensions.BlameDataCollector.dll
C:\Program Files\dotnet\sdk\6.0.201\Extensions\Microsoft.TestPlatform.Extensions.EventLogCollector.dll
C:\Program Files\dotnet\sdk\6.0.201\Extensions\Microsoft.TestPlatform.TestHostRuntimeProvider.dll
C:\Program Files\dotnet\sdk\6.0.201\Extensions\Microsoft.VisualStudio.TestPlatform.Extensions.Html.TestLogger.dll
C:\Program Files\dotnet\sdk\6.0.201\Extensions\Microsoft.VisualStudio.TestPlatform.Extensions.Trx.TestLogger.dll
TpTrace Verbose: 0 : 17540, 1, 2022/05/11, 08:08:58.521, 224984194839, vstest.console.dll, TestPluginCache.GetExtensionPaths: Added unfilterableExtensionPaths: 
TpTrace Verbose: 0 : 17540, 1, 2022/05/11, 08:08:58.521, 224984195117, vstest.console.dll, TestPluginCache.DiscoverTestExtensions: Discovering the extensions using allExtensionPaths: C:\Program Files\dotnet\sdk\6.0.201\Extensions\DumpMinitool.exe
C:\Program Files\dotnet\sdk\6.0.201\Extensions\DumpMinitool.x86.exe
C:\Program Files\dotnet\sdk\6.0.201\Extensions\Microsoft.Diagnostics.NETCore.Client.dll
C:\Program Files\dotnet\sdk\6.0.201\Extensions\Microsoft.TestPlatform.Extensions.BlameDataCollector.dll
C:\Program Files\dotnet\sdk\6.0.201\Extensions\Microsoft.TestPlatform.Extensions.EventLogCollector.dll
C:\Program Files\dotnet\sdk\6.0.201\Extensions\Microsoft.TestPlatform.TestHostRuntimeProvider.dll
C:\Program Files\dotnet\sdk\6.0.201\Extensions\Microsoft.VisualStudio.TestPlatform.Extensions.Html.TestLogger.dll
C:\Program Files\dotnet\sdk\6.0.201\Extensions\Microsoft.VisualStudio.TestPlatform.Extensions.Trx.TestLogger.dll
TpTrace Information: 0 : 17540, 1, 2022/05/11, 08:08:58.521, 224984196109, vstest.console.dll, AssemblyResolver.AddSearchDirectories: Adding more searchDirectories C:\Program Files\dotnet\sdk\6.0.201\Extensions,C:\Program Files\dotnet\sdk\6.0.201
TpTrace Information: 0 : 17540, 1, 2022/05/11, 08:08:58.521, 224984196475, vstest.console.dll, AssemblyResolver.AddSearchDirectories: Adding more searchDirectories C:\Program Files\dotnet\sdk\6.0.201\Extensions,C:\Program Files\dotnet\sdk\6.0.201
TpTrace Information: 0 : 17540, 1, 2022/05/11, 08:08:58.521, 224984196789, vstest.console.dll, AssemblyResolver.AddSearchDirectories: Adding more searchDirectories C:\Program Files\dotnet\sdk\6.0.201\Extensions,C:\Program Files\dotnet\sdk\6.0.201
TpTrace Information: 0 : 17540, 1, 2022/05/11, 08:08:58.521, 224984197083, vstest.console.dll, AssemblyResolver.AddSearchDirectories: Adding more searchDirectories C:\Program Files\dotnet\sdk\6.0.201\Extensions,C:\Program Files\dotnet\sdk\6.0.201
TpTrace Information: 0 : 17540, 1, 2022/05/11, 08:08:58.521, 224984197354, vstest.console.dll, AssemblyResolver.AddSearchDirectories: Adding more searchDirectories C:\Program Files\dotnet\sdk\6.0.201\Extensions,C:\Program Files\dotnet\sdk\6.0.201
TpTrace Information: 0 : 17540, 1, 2022/05/11, 08:08:58.521, 224984197688, vstest.console.dll, AssemblyResolver.AddSearchDirectories: Adding more searchDirectories C:\Program Files\dotnet\sdk\6.0.201\Extensions,C:\Program Files\dotnet\sdk\6.0.201
TpTrace Information: 0 : 17540, 1, 2022/05/11, 08:08:58.521, 224984197974, vstest.console.dll, AssemblyResolver.AddSearchDirectories: Adding more searchDirectories C:\Program Files\dotnet\sdk\6.0.201\Extensions,C:\Program Files\dotnet\sdk\6.0.201
TpTrace Information: 0 : 17540, 1, 2022/05/11, 08:08:58.521, 224984198241, vstest.console.dll, AssemblyResolver.AddSearchDirectories: Adding more searchDirectories C:\Program Files\dotnet\sdk\6.0.201\Extensions,C:\Program Files\dotnet\sdk\6.0.201
TpTrace Information: 0 : 17540, 1, 2022/05/11, 08:08:58.521, 224984201004, vstest.console.dll, AssemblyResolver.OnResolve: Microsoft.Bcl.AsyncInterfaces: Resolving assembly.
TpTrace Information: 0 : 17540, 1, 2022/05/11, 08:08:58.521, 224984201429, vstest.console.dll, AssemblyResolver.OnResolve: Microsoft.Bcl.AsyncInterfaces: Resolved from cache.
TpTrace Verbose: 0 : 17540, 1, 2022/05/11, 08:08:58.521, 224984201763, vstest.console.dll, CurrentDomainAssemblyResolve: Resolving assembly 'Microsoft.Bcl.AsyncInterfaces'.
TpTrace Information: 0 : 17540, 1, 2022/05/11, 08:08:58.521, 224984202165, vstest.console.dll, AssemblyResolver.OnResolve: Microsoft.Bcl.AsyncInterfaces: Resolving assembly.
TpTrace Information: 0 : 17540, 1, 2022/05/11, 08:08:58.522, 224984202442, vstest.console.dll, AssemblyResolver.OnResolve: Microsoft.Bcl.AsyncInterfaces: Resolved from cache.
TpTrace Verbose: 0 : 17540, 1, 2022/05/11, 08:08:58.522, 224984202711, vstest.console.dll, CurrentDomainAssemblyResolve: Resolving assembly 'Microsoft.Bcl.AsyncInterfaces'.
TpTrace Verbose: 0 : 17540, 1, 2022/05/11, 08:08:58.522, 224984203000, vstest.console.dll, CurrentDomainAssemblyResolve: Failed to resolve assembly 'Microsoft.Bcl.AsyncInterfaces'.
TpTrace Verbose: 0 : 17540, 1, 2022/05/11, 08:08:58.522, 224984204264, vstest.console.dll, CurrentDomainAssemblyResolve: Failed to resolve assembly 'Microsoft.Bcl.AsyncInterfaces'.
TpTrace Warning: 0 : 17540, 1, 2022/05/11, 08:08:58.522, 224984207419, vstest.console.dll, TestPluginDiscoverer: Failed to get types from assembly 'Microsoft.Diagnostics.NETCore.Client, Version=0.2.5.801, Culture=neutral, PublicKeyToken=31bf3856ad364e35'.  Skipping test extension scan for this assembly.  Error: System.Reflection.ReflectionTypeLoadException: Unable to load one or more of the requested types.
Could not load file or assembly 'Microsoft.Bcl.AsyncInterfaces, Version=1.0.0.0, Culture=neutral, PublicKeyToken=cc7b13ffcd2ddd51'. The system cannot find the file specified.
   at System.Reflection.RuntimeModule.GetTypes(RuntimeModule module)
   at System.Reflection.Assembly.GetTypes()
   at Microsoft.VisualStudio.TestPlatform.Common.ExtensionFramework.TestPluginDiscoverer.GetTestExtensionsFromAssembly[TPluginInfo,TExtension](Assembly assembly, Dictionary`2 pluginInfos)
System.IO.FileNotFoundException: Could not load file or assembly 'Microsoft.Bcl.AsyncInterfaces, Version=1.0.0.0, Culture=neutral, PublicKeyToken=cc7b13ffcd2ddd51'. The system cannot find the file specified.
File name: 'Microsoft.Bcl.AsyncInterfaces, Version=1.0.0.0, Culture=neutral, PublicKeyToken=cc7b13ffcd2ddd51'
 ---> System.IO.FileNotFoundException: Could not load file or assembly 'Microsoft.Bcl.AsyncInterfaces, Culture=neutral, PublicKeyToken=null'. The system cannot find the file specified.
File name: 'Microsoft.Bcl.AsyncInterfaces, Culture=neutral, PublicKeyToken=null'
   at System.Reflection.RuntimeAssembly.InternalLoad(ObjectHandleOnStack assemblyName, ObjectHandleOnStack requestingAssembly, StackCrawlMarkHandle stackMark, Boolean throwOnFileNotFound, ObjectHandleOnStack assemblyLoadContext, ObjectHandleOnStack retAssembly)
   at System.Reflection.RuntimeAssembly.InternalLoad(AssemblyName assemblyName, RuntimeAssembly requestingAssembly, StackCrawlMark& stackMark, Boolean throwOnFileNotFound, AssemblyLoadContext assemblyLoadContext)
   at System.Reflection.Assembly.Load(AssemblyName assemblyRef)
   at Microsoft.VisualStudio.TestPlatform.Common.ExtensionFramework.TestPluginCache.CurrentDomainAssemblyResolve(Object sender, AssemblyResolveEventArgs args)
   at Microsoft.VisualStudio.TestPlatform.PlatformAbstractions.PlatformAssemblyResolver.AssemblyResolverEvent(Object sender, Object eventArgs)
   at System.Runtime.Loader.AssemblyLoadContext.GetFirstResolvedAssemblyFromResolvingEvent(AssemblyName assemblyName)
   at System.Runtime.Loader.AssemblyLoadContext.ResolveUsingEvent(AssemblyName assemblyName)
   at System.Runtime.Loader.AssemblyLoadContext.ResolveUsingResolvingEvent(IntPtr gchManagedAssemblyLoadContext, AssemblyName assemblyName)
TpTrace Warning: 0 : 17540, 1, 2022/05/11, 08:08:58.522, 224984208674, vstest.console.dll, LoaderExceptions: System.IO.FileNotFoundException: Could not load file or assembly 'Microsoft.Bcl.AsyncInterfaces, Version=1.0.0.0, Culture=neutral, PublicKeyToken=cc7b13ffcd2ddd51'. The system cannot find the file specified.
File name: 'Microsoft.Bcl.AsyncInterfaces, Version=1.0.0.0, Culture=neutral, PublicKeyToken=cc7b13ffcd2ddd51'
 ---> System.IO.FileNotFoundException: Could not load file or assembly 'Microsoft.Bcl.AsyncInterfaces, Culture=neutral, PublicKeyToken=null'. The system cannot find the file specified.
File name: 'Microsoft.Bcl.AsyncInterfaces, Culture=neutral, PublicKeyToken=null'
   at System.Reflection.RuntimeAssembly.InternalLoad(ObjectHandleOnStack assemblyName, ObjectHandleOnStack requestingAssembly, StackCrawlMarkHandle stackMark, Boolean throwOnFileNotFound, ObjectHandleOnStack assemblyLoadContext, ObjectHandleOnStack retAssembly)
   at System.Reflection.RuntimeAssembly.InternalLoad(AssemblyName assemblyName, RuntimeAssembly requestingAssembly, StackCrawlMark& stackMark, Boolean throwOnFileNotFound, AssemblyLoadContext assemblyLoadContext)
   at System.Reflection.Assembly.Load(AssemblyName assemblyRef)
   at Microsoft.VisualStudio.TestPlatform.Common.ExtensionFramework.TestPluginCache.CurrentDomainAssemblyResolve(Object sender, AssemblyResolveEventArgs args)
   at Microsoft.VisualStudio.TestPlatform.PlatformAbstractions.PlatformAssemblyResolver.AssemblyResolverEvent(Object sender, Object eventArgs)
   at System.Runtime.Loader.AssemblyLoadContext.GetFirstResolvedAssemblyFromResolvingEvent(AssemblyName assemblyName)
   at System.Runtime.Loader.AssemblyLoadContext.ResolveUsingEvent(AssemblyName assemblyName)
   at System.Runtime.Loader.AssemblyLoadContext.ResolveUsingResolvingEvent(IntPtr gchManagedAssemblyLoadContext, AssemblyName assemblyName)
TpTrace Verbose: 0 : 17540, 1, 2022/05/11, 08:08:58.522, 224984211901, vstest.console.dll, TestPluginCache: Discovered the extensions using extension path ''.
TpTrace Verbose: 0 : 17540, 1, 2022/05/11, 08:08:58.522, 224984212313, vstest.console.dll, TestPluginCache: Discoverers are ''.
TpTrace Verbose: 0 : 17540, 1, 2022/05/11, 08:08:58.523, 224984212579, vstest.console.dll, TestPluginCache: Executors are ''.
TpTrace Verbose: 0 : 17540, 1, 2022/05/11, 08:08:58.523, 224984212817, vstest.console.dll, TestPluginCache: Executors2 are ''.
TpTrace Verbose: 0 : 17540, 1, 2022/05/11, 08:08:58.523, 224984213090, vstest.console.dll, TestPluginCache: Setting providers are ''.
TpTrace Verbose: 0 : 17540, 1, 2022/05/11, 08:08:58.523, 224984213679, vstest.console.dll, TestPluginCache: Loggers are 'logger://Microsoft/TestPlatform/Extensions/Blame/v1,logger://Microsoft/TestPlatform/HtmlLogger/v1,logger://Microsoft/TestPlatform/TrxLogger/v1'.
TpTrace Information: 0 : 17540, 1, 2022/05/11, 08:08:58.523, 224984220408, vstest.console.dll, TestPluginManager.CreateTestExtension: Attempting to load test extension: Microsoft.TestPlatform.Extensions.BlameDataCollector.BlameLogger
TpTrace Information: 0 : 17540, 1, 2022/05/11, 08:08:58.528, 224984268345, vstest.console.dll, TestPluginManager.CreateTestExtension: Attempting to load test extension: Microsoft.VisualStudio.TestPlatform.CrossPlatEngine.Hosting.DefaultTestHostManager
TpTrace Information: 0 : 17540, 1, 2022/05/11, 08:08:58.529, 224984276479, vstest.console.dll, TestPluginManager.CreateTestExtension: Attempting to load test extension: Microsoft.VisualStudio.TestPlatform.CrossPlatEngine.Hosting.DotnetTestHostManager
TpTrace Verbose: 0 : 17540, 1, 2022/05/11, 08:08:58.529, 224984281540, vstest.console.dll, TestEngine: Initializing Parallel Execution as MaxCpuCount is set to: 1
TpTrace Information: 0 : 17540, 1, 2022/05/11, 08:08:58.530, 224984285870, vstest.console.dll, InferRunSettingsHelper.IsTestSettingsEnabled: Unable to navigate to RunSettings/MSTest. Current node: RunSettings
TpTrace Verbose: 0 : 17540, 1, 2022/05/11, 08:08:58.558, 224984569565, vstest.console.dll, TestRequestSender is acting as server
TpTrace Verbose: 0 : 17540, 5, 2022/05/11, 08:08:58.562, 224984605421, vstest.console.dll, DataCollectionRequestSender.InitializeCommunication : Initialize communication. 
TpTrace Information: 0 : 17540, 5, 2022/05/11, 08:08:58.566, 224984648266, vstest.console.dll, Listening on Endpoint : 127.0.0.1:64614
TpTrace Verbose: 0 : 17540, 5, 2022/05/11, 08:08:58.575, 224984732404, vstest.console.dll, DotnetDataCollectionLauncher: Full path of dotnet.exe is C:\Program Files\dotnet\dotnet.exe
TpTrace Verbose: 0 : 17540, 5, 2022/05/11, 08:08:58.575, 224984737233, vstest.console.dll, DotnetDataCollectionLauncher: Adding  --runtimeconfig "C:\Program Files\dotnet\sdk\6.0.201\datacollector.runtimeconfig.json" in args
TpTrace Verbose: 0 : 17540, 5, 2022/05/11, 08:08:58.575, 224984740556, vstest.console.dll, DotnetDataCollectionLauncher: Adding  --depsfile "C:\Program Files\dotnet\sdk\6.0.201\datacollector.deps.json" in args
TpTrace Information: 0 : 17540, 5, 2022/05/11, 08:08:58.581, 224984799052, vstest.console.dll, ProxyDataCollectionManager.Initialize: Launched datacollector processId: 1756 port: 64614
TpTrace Information: 0 : 17540, 5, 2022/05/11, 08:08:58.581, 224984800321, vstest.console.dll, ProxyDataCollectionManager.Initialize: waiting for connection with timeout: 90 seconds
TpTrace Verbose: 0 : 17540, 5, 2022/05/11, 08:08:58.581, 224984800807, vstest.console.dll, DataCollectionRequestSender.WaitForRequestHandlerConnection : Waiting for connection with timeout: 90000
TpTrace Information: 0 : 17540, 8, 2022/05/11, 08:08:58.680, 224985786531, vstest.console.dll, Using the buffer size of 16384 bytes
TpTrace Information: 0 : 17540, 8, 2022/05/11, 08:08:58.680, 224985787409, vstest.console.dll, Accepted Client request and set the flag
TpTrace Verbose: 0 : 17540, 5, 2022/05/11, 08:08:58.680, 224985787417, vstest.console.dll, ProxyDataCollectionManager.InvokeDataCollectionServiceAction: Starting.
TpTrace Information: 0 : 17540, 5, 2022/05/11, 08:08:58.680, 224985788616, vstest.console.dll, ProxyDataCollectionManager.BeforeTestRunStart: Get environment variable and port for datacollector processId: 1756 port: 64614
TpTrace Verbose: 0 : 17540, 5, 2022/05/11, 08:08:58.680, 224985789947, vstest.console.dll, DataCollectionRequestSender.SendBeforeTestRunStartAndGetResult : Send BeforeTestRunStart message with settingsXml <RunSettings><RunConfiguration><ResultsDirectory>C:\Users\ninja\Documents\GitHub\project\src\GuitarMaker\GuitarMakerTests\bin\Debug\net5.0-windows\fine-code-coverage\coverage-tool-output</ResultsDirectory><TargetPlatform>X64</TargetPlatform><TargetFrameworkVersion>.NETCoreApp,Version=v5.0</TargetFrameworkVersion><DesignMode>False</DesignMode><CollectSourceInformation>False</CollectSourceInformation><TestAdaptersPaths>C:\Program Files\dotnet\sdk\6.0.201\Extensions</TestAdaptersPaths></RunConfiguration><LoggerRunSettings><Loggers><Logger friendlyName="blame" enabled="True" /><Logger friendlyName="Console" uri="logger://microsoft/TestPlatform/ConsoleLogger/v1" assemblyQualifiedName="Microsoft.VisualStudio.TestPlatform.CommandLine.Internal.ConsoleLogger, vstest.console, Version=15.0.0.0, Culture=neutral, PublicKeyToken=b03f5f7f11d50a3a" codeBase="C:\Program Files\dotnet\sdk\6.0.201\vstest.console.dll" enabled="True" /></Loggers></LoggerRunSettings><DataCollectionRunSettings><DataCollectors><DataCollector friendlyName="blame" enabled="True"><Configuration><ResultsDirectory>C:\Users\ninja\Documents\GitHub\project\src\GuitarMaker\GuitarMakerTests\bin\Debug\net5.0-windows\fine-code-coverage\coverage-tool-output</ResultsDirectory></Configuration></DataCollector></DataCollectors></DataCollectionRunSettings></RunSettings> and sources System.Linq.Enumerable+Concat2Iterator`1[System.String]: 
TpTrace Verbose: 0 : 17540, 5, 2022/05/11, 08:08:58.767, 224986660768, vstest.console.dll, DataCollectionRequestSender.SendBeforeTestRunStartAndGetResult : Received message: (DataCollection.SendMessage) -> {
  "FriendlyName": null,
  "Uri": null,
  "TestCaseId": "00000000-0000-0000-0000-000000000000",
  "Message": "Logging DataCollector Diagnostics in file: C:\\Users\\ninja\\Documents\\GitHub\\project\\src\\GuitarMaker\\GuitarMakerTests\\bin\\Debug\\net5.0-windows\\fine-code-coverage\\coverage-tool-output\\diagnostics.datacollector.22-05-11_08-08-58_57177_5.log",
  "Level": 0
}
TpTrace Verbose: 0 : 17540, 5, 2022/05/11, 08:08:58.826, 224987242825, vstest.console.dll, DataCollectionRequestSender.SendBeforeTestRunStartAndGetResult : Received message: (DataCollection.BeforeTestRunStartResult) -> {
  "EnvironmentVariables": {},
  "DataCollectionEventsPort": 64616
}
TpTrace Information: 0 : 17540, 5, 2022/05/11, 08:08:58.830, 224987283869, vstest.console.dll, ProxyDataCollectionManager.BeforeTestRunStart: SendBeforeTestRunStartAndGetResult successful, env variable from datacollector:   and testhost port: 64616
TpTrace Information: 0 : 17540, 5, 2022/05/11, 08:08:58.830, 224987284455, vstest.console.dll, ProxyDataCollectionManager.InvokeDataCollectionServiceAction: Completed.
TpTrace Verbose: 0 : 17540, 1, 2022/05/11, 08:08:58.830, 224987285821, vstest.console.dll, TestRunRequest.ExecuteAsync: Creating test run request.
TpTrace Verbose: 0 : 17540, 1, 2022/05/11, 08:08:58.830, 224987287860, vstest.console.dll, TestRunRequest.ExecuteAsync: Starting.
TpTrace Information: 0 : 17540, 1, 2022/05/11, 08:08:58.830, 224987290379, vstest.console.dll, TestRunRequest.ExecuteAsync: Starting run with settings:TestRunCriteria:
   KeepAlive=False,FrequencyOfRunStatsChangeEvent=10,RunStatsChangeEventTimeout=00:00:01.5000000,TestCaseFilter=,TestExecutorLauncher=
   Settingsxml=<RunSettings>
  <RunConfiguration>
    <ResultsDirectory>C:\Users\ninja\Documents\GitHub\project\src\GuitarMaker\GuitarMakerTests\bin\Debug\net5.0-windows\fine-code-coverage\coverage-tool-output</ResultsDirectory>
    <TargetPlatform>X64</TargetPlatform>
    <TargetFrameworkVersion>.NETCoreApp,Version=v5.0</TargetFrameworkVersion>
    <DesignMode>False</DesignMode>
    <CollectSourceInformation>False</CollectSourceInformation>
  </RunConfiguration>
  <LoggerRunSettings>
    <Loggers>
      <Logger friendlyName="blame" enabled="True" />
      <Logger friendlyName="Console" uri="logger://microsoft/TestPlatform/ConsoleLogger/v1" assemblyQualifiedName="Microsoft.VisualStudio.TestPlatform.CommandLine.Internal.ConsoleLogger, vstest.console, Version=15.0.0.0, Culture=neutral, PublicKeyToken=b03f5f7f11d50a3a" codeBase="C:\Program Files\dotnet\sdk\6.0.201\vstest.console.dll" enabled="True" />
    </Loggers>
  </LoggerRunSettings>
  <DataCollectionRunSettings>
    <DataCollectors>
      <DataCollector friendlyName="blame" enabled="True">
        <Configuration>
          <ResultsDirectory>C:\Users\ninja\Documents\GitHub\project\src\GuitarMaker\GuitarMakerTests\bin\Debug\net5.0-windows\fine-code-coverage\coverage-tool-output</ResultsDirectory>
        </Configuration>
      </DataCollector>
    </DataCollectors>
  </DataCollectionRunSettings>
</RunSettings>

TpTrace Verbose: 0 : 17540, 1, 2022/05/11, 08:08:58.830, 224987291444, vstest.console.dll, TestRunRequest.ExecuteAsync: Wait for the first run request is over.
TpTrace Verbose: 0 : 17540, 1, 2022/05/11, 08:08:58.831, 224987294619, vstest.console.dll, ParallelProxyExecutionManager: Start execution. Total sources: 1
TpTrace Information: 0 : 17540, 1, 2022/05/11, 08:08:58.831, 224987298923, vstest.console.dll, ProxyParallelExecutionManager: Triggering test run for next source: C:\Users\ninja\Documents\GitHub\project\src\GuitarMaker\GuitarMakerTests\bin\Debug\net5.0-windows\fine-code-coverage\build-output\GuitarMakerTests.dll
TpTrace Verbose: 0 : 17540, 1, 2022/05/11, 08:08:58.831, 224987300325, vstest.console.dll, ProxyParallelExecutionManager: No sources available for execution.
TpTrace Information: 0 : 17540, 1, 2022/05/11, 08:08:58.831, 224987300757, vstest.console.dll, TestRunRequest.ExecuteAsync: Started.
TpTrace Verbose: 0 : 17540, 5, 2022/05/11, 08:08:58.831, 224987300369, vstest.console.dll, ParallelProxyExecutionManager: Execution started. Started clients: 1
TpTrace Verbose: 0 : 17540, 1, 2022/05/11, 08:08:58.831, 224987301309, vstest.console.dll, TestRunRequest.WaitForCompletion: Waiting with timeout -1.
TpTrace Verbose: 0 : 17540, 5, 2022/05/11, 08:08:58.832, 224987303782, vstest.console.dll, TestRunRequest:SendTestRunMessage: Starting.
TpTrace Information: 0 : 17540, 5, 2022/05/11, 08:08:58.832, 224987304678, vstest.console.dll, TestRunRequest:SendTestRunMessage: Completed.
TpTrace Verbose: 0 : 17540, 5, 2022/05/11, 08:08:58.832, 224987306393, vstest.console.dll, ProxyExecutionManager: Test host is always Lazy initialize.
TpTrace Verbose: 0 : 17540, 5, 2022/05/11, 08:08:58.832, 224987308190, vstest.console.dll, TestRequestSender.InitializeCommunication: initialize communication. 
TpTrace Information: 0 : 17540, 5, 2022/05/11, 08:08:58.833, 224987319032, vstest.console.dll, SocketServer.Start: Listening on endpoint : 127.0.0.1:64618
TpTrace Verbose: 0 : 17540, 5, 2022/05/11, 08:08:58.834, 224987325760, vstest.console.dll, DotnetTestHostmanager.GetTestHostProcessStartInfo: Platform environment 'X64' target architecture 'X64' framework '.NETCoreApp,Version=v5.0' OS 'Windows'
TpTrace Verbose: 0 : 17540, 5, 2022/05/11, 08:08:58.834, 224987327799, vstest.console.dll, DotnetTestHostmanager: Adding  --runtimeconfig "C:\Users\ninja\Documents\GitHub\project\src\GuitarMaker\GuitarMakerTests\bin\Debug\net5.0-windows\fine-code-coverage\build-output\GuitarMakerTests.runtimeconfig.json" in args
TpTrace Verbose: 0 : 17540, 5, 2022/05/11, 08:08:58.834, 224987329178, vstest.console.dll, DotnetTestHostmanager: Adding  --depsfile "C:\Users\ninja\Documents\GitHub\project\src\GuitarMaker\GuitarMakerTests\bin\Debug\net5.0-windows\fine-code-coverage\build-output\GuitarMakerTests.deps.json" in args
TpTrace Verbose: 0 : 17540, 5, 2022/05/11, 08:08:58.836, 224987344376, vstest.console.dll, DotnetTestHostmanager.IsWinOnArm: Current PROCESSOR_ARCHITECTURE from registry 'AMD64'
TpTrace Verbose: 0 : 17540, 5, 2022/05/11, 08:08:58.836, 224987345213, vstest.console.dll, DotnetTestHostmanager.IsWinOnArm: Is Windows on ARM 'False'
TpTrace Verbose: 0 : 17540, 5, 2022/05/11, 08:08:58.836, 224987346070, vstest.console.dll, DotnetTestHostManager: testhost.exe found at path: C:\Users\ninja\Documents\GitHub\project\src\GuitarMaker\GuitarMakerTests\bin\Debug\net5.0-windows\fine-code-coverage\build-output\testhost.exe
TpTrace Verbose: 0 : 17540, 5, 2022/05/11, 08:08:58.836, 224987346492, vstest.console.dll, DotnetTestHostmanager: Full path of host exe is C:\Users\ninja\Documents\GitHub\project\src\GuitarMaker\GuitarMakerTests\bin\Debug\net5.0-windows\fine-code-coverage\build-output\testhost.exe
TpTrace Verbose: 0 : 17540, 5, 2022/05/11, 08:08:58.836, 224987347628, vstest.console.dll, DotnetTestHostmanager.LaunchTestHostAsync: Found 'VSTEST_WINAPPHOST_DOTNET_ROOT' in env variables, value 'C:\Program Files\dotnet'
TpTrace Verbose: 0 : 17540, 7, 2022/05/11, 08:08:58.837, 224987354095, vstest.console.dll, DotnetTestHostManager: Starting process 'C:\Users\ninja\Documents\GitHub\project\src\GuitarMaker\GuitarMakerTests\bin\Debug\net5.0-windows\fine-code-coverage\build-output\testhost.exe' with command line ' --runtimeconfig "C:\Users\ninja\Documents\GitHub\project\src\GuitarMaker\GuitarMakerTests\bin\Debug\net5.0-windows\fine-code-coverage\build-output\GuitarMakerTests.runtimeconfig.json" --depsfile "C:\Users\ninja\Documents\GitHub\project\src\GuitarMaker\GuitarMakerTests\bin\Debug\net5.0-windows\fine-code-coverage\build-output\GuitarMakerTests.deps.json" --port 64618 --endpoint 127.0.0.1:064618 --role client --parentprocessid 17540 --diag "C:\Users\ninja\Documents\GitHub\project\src\GuitarMaker\GuitarMakerTests\bin\Debug\net5.0-windows\fine-code-coverage\coverage-tool-output\diagnostics.host.22-05-11_08-08-58_83404_5.log" --tracelevel 4 --datacollectionport 64616 --telemetryoptedin false'
TpTrace Verbose: 0 : 17540, 7, 2022/05/11, 08:08:58.842, 224987410346, vstest.console.dll, Test Runtime launched
TpTrace Verbose: 0 : 17540, 5, 2022/05/11, 08:08:58.843, 224987415122, vstest.console.dll, TestRequestSender.WaitForRequestHandlerConnection: waiting for connection with timeout: 90000
TpTrace Verbose: 0 : 17540, 7, 2022/05/11, 08:08:59.003, 224989016849, vstest.console.dll, SocketServer.OnClientConnected: Client connected for endPoint: 127.0.0.1:64618, starting MessageLoopAsync:
TpTrace Verbose: 0 : 17540, 7, 2022/05/11, 08:08:59.003, 224989018863, vstest.console.dll, TcpClientExtensions.MessageLoopAsync: Polling on remoteEndPoint: 127.0.0.1:64619 localEndPoint: 127.0.0.1:64618
TpTrace Verbose: 0 : 17540, 5, 2022/05/11, 08:08:59.004, 224989023361, vstest.console.dll, TestRequestSender.CheckVersionWithTestHost: Sending check version message: {"MessageType":"ProtocolVersion","Payload":5}
TpTrace Verbose: 0 : 17540, 7, 2022/05/11, 08:08:59.115, 224990137455, vstest.console.dll, TcpClientExtensions.MessageLoopAsync: NotifyDataAvailable remoteEndPoint: 127.0.0.1:64619 localEndPoint: 127.0.0.1:64618
TpTrace Verbose: 0 : 17540, 7, 2022/05/11, 08:08:59.115, 224990139930, vstest.console.dll, TestRequestSender.CheckVersionWithTestHost: onMessageReceived received message: (ProtocolVersion) -> 5
TpTrace Verbose: 0 : 17540, 7, 2022/05/11, 08:08:59.116, 224990143135, vstest.console.dll, TcpClientExtensions.MessageLoopAsync: Polling on remoteEndPoint: 127.0.0.1:64619 localEndPoint: 127.0.0.1:64618
TpTrace Verbose: 0 : 17540, 5, 2022/05/11, 08:08:59.116, 224990144199, vstest.console.dll, TestPluginCache.GetExtensionPaths: Filtered extension paths: 
TpTrace Verbose: 0 : 17540, 5, 2022/05/11, 08:08:59.116, 224990145255, vstest.console.dll, TestPluginCache.GetExtensionPaths: Added default extension paths: C:\Program Files\dotnet\sdk\6.0.201\Extensions\DumpMinitool.exe
C:\Program Files\dotnet\sdk\6.0.201\Extensions\DumpMinitool.x86.exe
C:\Program Files\dotnet\sdk\6.0.201\Extensions\Microsoft.Diagnostics.NETCore.Client.dll
C:\Program Files\dotnet\sdk\6.0.201\Extensions\Microsoft.TestPlatform.Extensions.BlameDataCollector.dll
C:\Program Files\dotnet\sdk\6.0.201\Extensions\Microsoft.TestPlatform.Extensions.EventLogCollector.dll
C:\Program Files\dotnet\sdk\6.0.201\Extensions\Microsoft.TestPlatform.TestHostRuntimeProvider.dll
C:\Program Files\dotnet\sdk\6.0.201\Extensions\Microsoft.VisualStudio.TestPlatform.Extensions.Html.TestLogger.dll
C:\Program Files\dotnet\sdk\6.0.201\Extensions\Microsoft.VisualStudio.TestPlatform.Extensions.Trx.TestLogger.dll
TpTrace Verbose: 0 : 17540, 5, 2022/05/11, 08:08:59.116, 224990145757, vstest.console.dll, TestPluginCache.GetExtensionPaths: Added unfilterableExtensionPaths: 
TpTrace Verbose: 0 : 17540, 5, 2022/05/11, 08:08:59.118, 224990170491, vstest.console.dll, TestRequestSender.InitializeExecution: Sending initialize execution with message: {"Version":5,"MessageType":"TestExecution.Initialize","Payload":["C:\\Users\\ninja\\Documents\\GitHub\\project\\src\\GuitarMaker\\GuitarMakerTests\\bin\\Debug\\net5.0-windows\\fine-code-coverage\\build-output\\NUnit3.TestAdapter.dll"]}
TpTrace Warning: 0 : 17540, 5, 2022/05/11, 08:08:59.119, 224990173634, vstest.console.dll, InferRunSettingsHelper.MakeRunsettingsCompatible: Removing the following settings: TargetPlatform from RunSettings file. To use those settings please move to latest version of Microsoft.NET.Test.Sdk
TpTrace Verbose: 0 : 17540, 7, 2022/05/11, 08:08:59.124, 224990225484, vstest.console.dll, TcpClientExtensions.MessageLoopAsync: NotifyDataAvailable remoteEndPoint: 127.0.0.1:64619 localEndPoint: 127.0.0.1:64618
TpTrace Verbose: 0 : 17540, 7, 2022/05/11, 08:08:59.124, 224990226738, vstest.console.dll, TestRequestSender.OnExecutionMessageReceived: Received message: {"Version":5,"MessageType":"TestSession.Message","Payload":{"MessageLevel":0,"Message":"Logging TestHost Diagnostics in file: C:\\Users\\ninja\\Documents\\GitHub\\project\\src\\GuitarMaker\\GuitarMakerTests\\bin\\Debug\\net5.0-windows\\fine-code-coverage\\coverage-tool-output\\diagnostics.host.22-05-11_08-08-58_83404_5.log"}}
TpTrace Verbose: 0 : 17540, 7, 2022/05/11, 08:08:59.125, 224990240007, vstest.console.dll, TestRunRequest:SendTestRunMessage: Starting.
TpTrace Information: 0 : 17540, 7, 2022/05/11, 08:08:59.125, 224990240797, vstest.console.dll, TestRunRequest:SendTestRunMessage: Completed.
TpTrace Verbose: 0 : 17540, 7, 2022/05/11, 08:08:59.125, 224990241133, vstest.console.dll, TcpClientExtensions.MessageLoopAsync: Polling on remoteEndPoint: 127.0.0.1:64619 localEndPoint: 127.0.0.1:64618
TpTrace Verbose: 0 : 17540, 5, 2022/05/11, 08:08:59.125, 224990241338, vstest.console.dll, TestRequestSender.StartTestRun: Sending test run with message: {"Version":5,"MessageType":"TestExecution.StartWithSources","Payload":{"AdapterSourceMap":{"_none_":["C:\\Users\\ninja\\Documents\\GitHub\\project\\src\\GuitarMaker\\GuitarMakerTests\\bin\\Debug\\net5.0-windows\\fine-code-coverage\\build-output\\GuitarMakerTests.dll"]},"RunSettings":"<RunSettings>\r\n  <RunConfiguration>\r\n    <ResultsDirectory>C:\\Users\\ninja\\Documents\\GitHub\\project\\src\\GuitarMaker\\GuitarMakerTests\\bin\\Debug\\net5.0-windows\\fine-code-coverage\\coverage-tool-output</ResultsDirectory>\r\n    <TargetFrameworkVersion>.NETCoreApp,Version=v5.0</TargetFrameworkVersion>\r\n    <DesignMode>False</DesignMode>\r\n    <CollectSourceInformation>False</CollectSourceInformation>\r\n  </RunConfiguration>\r\n  <LoggerRunSettings>\r\n    <Loggers>\r\n      <Logger friendlyName=\"blame\" enabled=\"True\" />\r\n      <Logger friendlyName=\"Console\" uri=\"logger://microsoft/TestPlatform/ConsoleLogger/v1\" assemblyQualifiedName=\"Microsoft.VisualStudio.TestPlatform.CommandLine.Internal.ConsoleLogger, vstest.console, Version=15.0.0.0, Culture=neutral, PublicKeyToken=b03f5f7f11d50a3a\" codeBase=\"C:\\Program Files\\dotnet\\sdk\\6.0.201\\vstest.console.dll\" enabled=\"True\" />\r\n    </Loggers>\r\n  </LoggerRunSettings>\r\n  <DataCollectionRunSettings>\r\n    <DataCollectors>\r\n      <DataCollector friendlyName=\"blame\" enabled=\"True\">\r\n        <Configuration>\r\n          <ResultsDirectory>C:\\Users\\ninja\\Documents\\GitHub\\project\\src\\GuitarMaker\\GuitarMakerTests\\bin\\Debug\\net5.0-windows\\fine-code-coverage\\coverage-tool-output</ResultsDirectory>\r\n        </Configuration>\r\n      </DataCollector>\r\n    </DataCollectors>\r\n  </DataCollectionRunSettings>\r\n</RunSettings>","TestExecutionContext":{"FrequencyOfRunStatsChangeEvent":10,"RunStatsChangeEventTimeout":"00:00:01.5000000","InIsolation":false,"KeepAlive":false,"AreTestCaseLevelEventsRequired":false,"IsDebug":false,"TestCaseFilter":null,"FilterOptions":null},"Package":null}}
TpTrace Verbose: 0 : 17540, 7, 2022/05/11, 08:08:59.242, 224991408724, vstest.console.dll, TcpClientExtensions.MessageLoopAsync: NotifyDataAvailable remoteEndPoint: 127.0.0.1:64619 localEndPoint: 127.0.0.1:64618
TpTrace Verbose: 0 : 17540, 7, 2022/05/11, 08:08:59.242, 224991409907, vstest.console.dll, TestRequestSender.OnExecutionMessageReceived: Received message: {"Version":5,"MessageType":"TestSession.Message","Payload":{"MessageLevel":0,"Message":"NUnit Adapter 4.0.0.0: Test execution started"}}
TpTrace Verbose: 0 : 17540, 7, 2022/05/11, 08:08:59.242, 224991411691, vstest.console.dll, TestRunRequest:SendTestRunMessage: Starting.
TpTrace Information: 0 : 17540, 7, 2022/05/11, 08:08:59.242, 224991412206, vstest.console.dll, TestRunRequest:SendTestRunMessage: Completed.
TpTrace Verbose: 0 : 17540, 7, 2022/05/11, 08:08:59.243, 224991412498, vstest.console.dll, TcpClientExtensions.MessageLoopAsync: Polling on remoteEndPoint: 127.0.0.1:64619 localEndPoint: 127.0.0.1:64618
TpTrace Verbose: 0 : 17540, 7, 2022/05/11, 08:08:59.267, 224991661533, vstest.console.dll, TcpClientExtensions.MessageLoopAsync: NotifyDataAvailable remoteEndPoint: 127.0.0.1:64619 localEndPoint: 127.0.0.1:64618
TpTrace Verbose: 0 : 17540, 7, 2022/05/11, 08:08:59.268, 224991662875, vstest.console.dll, TestRequestSender.OnExecutionMessageReceived: Received message: {"Version":5,"MessageType":"TestSession.Message","Payload":{"MessageLevel":0,"Message":"Running all tests in C:\\Users\\ninja\\Documents\\GitHub\\project\\src\\GuitarMaker\\GuitarMakerTests\\bin\\Debug\\net5.0-windows\\fine-code-coverage\\build-output\\GuitarMakerTests.dll"}}
TpTrace Verbose: 0 : 17540, 7, 2022/05/11, 08:08:59.268, 224991664642, vstest.console.dll, TestRunRequest:SendTestRunMessage: Starting.
TpTrace Information: 0 : 17540, 7, 2022/05/11, 08:08:59.268, 224991665170, vstest.console.dll, TestRunRequest:SendTestRunMessage: Completed.
TpTrace Verbose: 0 : 17540, 7, 2022/05/11, 08:08:59.268, 224991665487, vstest.console.dll, TcpClientExtensions.MessageLoopAsync: Polling on remoteEndPoint: 127.0.0.1:64619 localEndPoint: 127.0.0.1:64618
TpTrace Verbose: 0 : 17540, 7, 2022/05/11, 08:08:59.372, 224992708102, vstest.console.dll, TcpClientExtensions.MessageLoopAsync: NotifyDataAvailable remoteEndPoint: 127.0.0.1:64619 localEndPoint: 127.0.0.1:64618
TpTrace Verbose: 0 : 17540, 7, 2022/05/11, 08:08:59.372, 224992709885, vstest.console.dll, TestRequestSender.OnExecutionMessageReceived: Received message: {"Version":5,"MessageType":"TestSession.Message","Payload":{"MessageLevel":0,"Message":"   NUnit3TestExecutor discovered 19 of 19 NUnit test cases using Current Discovery mode, Non-Explicit run"}}
TpTrace Verbose: 0 : 17540, 7, 2022/05/11, 08:08:59.372, 224992712010, vstest.console.dll, TestRunRequest:SendTestRunMessage: Starting.
TpTrace Information: 0 : 17540, 7, 2022/05/11, 08:08:59.373, 224992712606, vstest.console.dll, TestRunRequest:SendTestRunMessage: Completed.
TpTrace Verbose: 0 : 17540, 7, 2022/05/11, 08:08:59.373, 224992712943, vstest.console.dll, TcpClientExtensions.MessageLoopAsync: Polling on remoteEndPoint: 127.0.0.1:64619 localEndPoint: 127.0.0.1:64618
TpTrace Verbose: 0 : 17540, 7, 2022/05/11, 08:08:59.643, 224995420803, vstest.console.dll, TcpClientExtensions.MessageLoopAsync: NotifyDataAvailable remoteEndPoint: 127.0.0.1:64619 localEndPoint: 127.0.0.1:64618
TpTrace Verbose: 0 : 17540, 7, 2022/05/11, 08:08:59.644, 224995424100, vstest.console.dll, TestRequestSender.OnExecutionMessageReceived: Received message: {"Version":5,"MessageType":"TestExecution.StatsChange","Payload":{"NewTestResults":[{"TestCase":{"Id":"2b67cab8-8a41-4775-3b37-672c5a8cce6d","FullyQualifiedName":"GuitarMakerTests.ChangeComponentCommandTests.Execute_StateUnderTest_ExpectedBehavior","DisplayName":"Execute_StateUnderTest_ExpectedBehavior","ExecutorUri":"executor://NUnit3TestExecutor","Source":"C:\\Users\\ninja\\Documents\\GitHub\\project\\src\\GuitarMaker\\GuitarMakerTests\\bin\\Debug\\net5.0-windows\\fine-code-coverage\\build-output\\GuitarMakerTests.dll","CodeFilePath":null,"LineNumber":0,"Properties":[{"Key":{"Id":"NUnit.Seed","Label":"Seed","Category":"","Description":"","Attributes":0,"ValueType":"System.String"},"Value":"1033762487"}]},"Attachments":[],"Outcome":1,"ErrorMessage":null,"ErrorStackTrace":null,"DisplayName":"Execute_StateUnderTest_ExpectedBehavior","Messages":[],"ComputerName":"EJ-W10-X1","Duration":"00:00:00.0931160","StartTime":"2022-05-11T13:08:59.3956913+00:00","EndTime":"2022-05-11T13:08:59.4887229+00:00","Properties":[{"Key":{"Id":"NUnit.Seed","Label":"Seed","Category":"","Description":"","Attributes":0,"ValueType":"System.String"},"Value":"1033762487"}]},{"TestCase":{"Id":"47b3f727-9c8c-e33e-1866-e7a265eb16a5","FullyQualifiedName":"GuitarMakerTests.ChangeComponentCommandTests.UnExecute_StateUnderTest_ExpectedBehavior","DisplayName":"UnExecute_StateUnderTest_ExpectedBehavior","ExecutorUri":"executor://NUnit3TestExecutor","Source":"C:\\Users\\ninja\\Documents\\GitHub\\project\\src\\GuitarMaker\\GuitarMakerTests\\bin\\Debug\\net5.0-windows\\fine-code-coverage\\build-output\\GuitarMakerTests.dll","CodeFilePath":null,"LineNumber":0,"Properties":[{"Key":{"Id":"NUnit.Seed","Label":"Seed","Category":"","Description":"","Attributes":0,"ValueType":"System.String"},"Value":"83984193"}]},"Attachments":[],"Outcome":1,"ErrorMessage":null,"ErrorStackTrace":null,"DisplayName":"UnExecute_StateUnderTest_ExpectedBehavior","Messages":[],"ComputerName":"EJ-W10-X1","Duration":"00:00:00.0002870","StartTime":"2022-05-11T13:08:59.4901562+00:00","EndTime":"2022-05-11T13:08:59.4904433+00:00","Properties":[{"Key":{"Id":"NUnit.Seed","Label":"Seed","Category":"","Description":"","Attributes":0,"ValueType":"System.String"},"Value":"83984193"}]},{"TestCase":{"Id":"7920a765-1fda-d342-b3ec-b41f817b0a08","FullyQualifiedName":"GuitarMakerTests.CommandHistoryTests.Execute_StateUnderTest_ExpectedBehavior","DisplayName":"Execute_StateUnderTest_ExpectedBehavior","ExecutorUri":"executor://NUnit3TestExecutor","Source":"C:\\Users\\ninja\\Documents\\GitHub\\project\\src\\GuitarMaker\\GuitarMakerTests\\bin\\Debug\\net5.0-windows\\fine-code-coverage\\build-output\\GuitarMakerTests.dll","CodeFilePath":null,"LineNumber":0,"Properties":[{"Key":{"Id":"NUnit.Seed","Label":"Seed","Category":"","Description":"","Attributes":0,"ValueType":"System.String"},"Value":"586192559"}]},"Attachments":[],"Outcome":1,"ErrorMessage":null,"ErrorStackTrace":null,"DisplayName":"Execute_StateUnderTest_ExpectedBehavior","Messages":[],"ComputerName":"EJ-W10-X1","Duration":"00:00:00.0319750","StartTime":"2022-05-11T13:08:59.4923234+00:00","EndTime":"2022-05-11T13:08:59.5242968+00:00","Properties":[{"Key":{"Id":"NUnit.Seed","Label":"Seed","Category":"","Description":"","Attributes":0,"ValueType":"System.String"},"Value":"586192559"}]},{"TestCase":{"Id":"3078747e-ad45-364b-a62a-97b2793aa998","FullyQualifiedName":"GuitarMakerTests.CommandHistoryTests.Redo_StateUnderTest_ExpectedBehavior","DisplayName":"Redo_StateUnderTest_ExpectedBehavior","ExecutorUri":"executor://NUnit3TestExecutor","Source":"C:\\Users\\ninja\\Documents\\GitHub\\project\\src\\GuitarMaker\\GuitarMakerTests\\bin\\Debug\\net5.0-windows\\fine-code-coverage\\build-output\\GuitarMakerTests.dll","CodeFilePath":null,"LineNumber":0,"Properties":[{"Key":{"Id":"NUnit.Seed","Label":"Seed","Category":"","Description":"","Attributes":0,"ValueType":"System.String"},"Value":"75119033"}]},"Attachments":[],"Outcome":1,"ErrorMessage":null,"ErrorStackTrace":null,"DisplayName":"Redo_StateUnderTest_ExpectedBehavior","Messages":[],"ComputerName":"EJ-W10-X1","Duration":"00:00:00.0012640","StartTime":"2022-05-11T13:08:59.5243234+00:00","EndTime":"2022-05-11T13:08:59.5255871+00:00","Properties":[{"Key":{"Id":"NUnit.Seed","Label":"Seed","Category":"","Description":"","Attributes":0,"ValueType":"System.String"},"Value":"75119033"}]},{"TestCase":{"Id":"c12acb64-73bd-f17c-3c8b-baec5a286d65","FullyQualifiedName":"GuitarMakerTests.CommandHistoryTests.redoLeft_StateUnderTest_ExpectedBehavior","DisplayName":"redoLeft_StateUnderTest_ExpectedBehavior","ExecutorUri":"executor://NUnit3TestExecutor","Source":"C:\\Users\\ninja\\Documents\\GitHub\\project\\src\\GuitarMaker\\GuitarMakerTests\\bin\\Debug\\net5.0-windows\\fine-code-coverage\\build-output\\GuitarMakerTests.dll","CodeFilePath":null,"LineNumber":0,"Properties":[{"Key":{"Id":"NUnit.Seed","Label":"Seed","Category":"","Description":"","Attributes":0,"ValueType":"System.String"},"Value":"114447477"}]},"Attachments":[],"Outcome":1,"ErrorMessage":null,"ErrorStackTrace":null,"DisplayName":"redoLeft_StateUnderTest_ExpectedBehavior","Messages":[],"ComputerName":"EJ-W10-X1","Duration":"00:00:00.0051510","StartTime":"2022-05-11T13:08:59.5256051+00:00","EndTime":"2022-05-11T13:08:59.5307545+00:00","Properties":[{"Key":{"Id":"NUnit.Seed","Label":"Seed","Category":"","Description":"","Attributes":0,"ValueType":"System.String"},"Value":"114447477"}]},{"TestCase":{"Id":"bfce962e-3bcc-088e-43c9-11d24fec35a8","FullyQualifiedName":"GuitarMakerTests.CommandHistoryTests.Undo_StateUnderTest_ExpectedBehavior","DisplayName":"Undo_StateUnderTest_ExpectedBehavior","ExecutorUri":"executor://NUnit3TestExecutor","Source":"C:\\Users\\ninja\\Documents\\GitHub\\project\\src\\GuitarMaker\\GuitarMakerTests\\bin\\Debug\\net5.0-windows\\fine-code-coverage\\build-output\\GuitarMakerTests.dll","CodeFilePath":null,"LineNumber":0,"Properties":[{"Key":{"Id":"NUnit.Seed","Label":"Seed","Category":"","Description":"","Attributes":0,"ValueType":"System.String"},"Value":"802369618"}]},"Attachments":[],"Outcome":1,"ErrorMessage":null,"ErrorStackTrace":null,"DisplayName":"Undo_StateUnderTest_ExpectedBehavior","Messages":[],"ComputerName":"EJ-W10-X1","Duration":"00:00:00.0003080","StartTime":"2022-05-11T13:08:59.5307755+00:00","EndTime":"2022-05-11T13:08:59.5310835+00:00","Properties":[{"Key":{"Id":"NUnit.Seed","Label":"Seed","Category":"","Description":"","Attributes":0,"ValueType":"System.String"},"Value":"802369618"}]},{"TestCase":{"Id":"2554af34-8a53-f9d8-5c73-338e348e7e6e","FullyQualifiedName":"GuitarMakerTests.CommandHistoryTests.undoLeft_StateUnderTest_ExpectedBehavior","DisplayName":"undoLeft_StateUnderTest_ExpectedBehavior","ExecutorUri":"executor://NUnit3TestExecutor","Source":"C:\\Users\\ninja\\Documents\\GitHub\\project\\src\\GuitarMaker\\GuitarMakerTests\\bin\\Debug\\net5.0-windows\\fine-code-coverage\\build-output\\GuitarMakerTests.dll","CodeFilePath":null,"LineNumber":0,"Properties":[{"Key":{"Id":"NUnit.Seed","Label":"Seed","Category":"","Description":"","Attributes":0,"ValueType":"System.String"},"Value":"2026385237"}]},"Attachments":[],"Outcome":1,"ErrorMessage":null,"ErrorStackTrace":null,"DisplayName":"undoLeft_StateUnderTest_ExpectedBehavior","Messages":[],"ComputerName":"EJ-W10-X1","Duration":"00:00:00.0002190","StartTime":"2022-05-11T13:08:59.5310945+00:00","EndTime":"2022-05-11T13:08:59.5313127+00:00","Properties":[{"Key":{"Id":"NUnit.Seed","Label":"Seed","Category":"","Description":"","Attributes":0,"ValueType":"System.String"},"Value":"2026385237"}]},{"TestCase":{"Id":"af51d458-f5a3-a357-91e2-5106c6b833d4","FullyQualifiedName":"GuitarMakerTests.ComponentCollectionTest.BodyLoadsCorrectly","DisplayName":"BodyLoadsCorrectly","ExecutorUri":"executor://NUnit3TestExecutor","Source":"C:\\Users\\ninja\\Documents\\GitHub\\project\\src\\GuitarMaker\\GuitarMakerTests\\bin\\Debug\\net5.0-windows\\fine-code-coverage\\build-output\\GuitarMakerTests.dll","CodeFilePath":null,"LineNumber":0,"Properties":[{"Key":{"Id":"NUnit.Seed","Label":"Seed","Category":"","Description":"","Attributes":0,"ValueType":"System.String"},"Value":"1838908303"}]},"Attachments":[],"Outcome":1,"ErrorMessage":null,"ErrorStackTrace":null,"DisplayName":"BodyLoadsCorrectly","Messages":[],"ComputerName":"EJ-W10-X1","Duration":"00:00:00.0807160","StartTime":"2022-05-11T13:08:59.5314184+00:00","EndTime":"2022-05-11T13:08:59.6121339+00:00","Properties":[{"Key":{"Id":"NUnit.Seed","Label":"Seed","Category":"","Description":"","Attributes":0,"ValueType":"System.String"},"Value":"1838908303"}]},{"TestCase":{"Id":"e8a57f0b-97ca-8f12-463a-8dbbad4511c1","FullyQualifiedName":"GuitarMakerTests.ComponentCollectionTest.CountBodiesTest","DisplayName":"CountBodiesTest","ExecutorUri":"executor://NUnit3TestExecutor","Source":"C:\\Users\\ninja\\Documents\\GitHub\\project\\src\\GuitarMaker\\GuitarMakerTests\\bin\\Debug\\net5.0-windows\\fine-code-coverage\\build-output\\GuitarMakerTests.dll","CodeFilePath":null,"LineNumber":0,"Properties":[{"Key":{"Id":"NUnit.Seed","Label":"Seed","Category":"","Description":"","Attributes":0,"ValueType":"System.String"},"Value":"1276187146"}]},"Attachments":[],"Outcome":1,"ErrorMessage":null,"ErrorStackTrace":null,"DisplayName":"CountBodiesTest","Messages":[],"ComputerName":"EJ-W10-X1","Duration":"00:00:00.0013600","StartTime":"2022-05-11T13:08:59.6121557+00:00","EndTime":"2022-05-11T13:08:59.613515+00:00","Properties":[{"Key":{"Id":"NUnit.Seed","Label":"Seed","Category":"","Description":"","Attributes":0,"ValueType":"System.String"},"Value":"1276187146"}]}],"TestRunStatistics":{"ExecutedTests":9,"Stats":{"Passed":9}},"ActiveTests":[{"Id":"3d4df704-df89-8248-5d45-4ac95e185972","FullyQualifiedName":"GuitarMakerTests.ComponentTests.Clone_StateUnderTest_ExpectedBehavior","DisplayName":"Clone_StateUnderTest_ExpectedBehavior","ExecutorUri":"executor://NUnit3TestExecutor","Source":"C:\\Users\\ninja\\Documents\\GitHub\\project\\src\\GuitarMaker\\GuitarMakerTests\\bin\\Debug\\net5.0-windows\\fine-code-coverage\\build-output\\GuitarMakerTests.dll","CodeFilePath":null,"LineNumber":0,"Properties":[{"Key":{"Id":"NUnit.Seed","Label":"Seed","Category":"","Description":"","Attributes":0,"ValueType":"System.String"},"Value":"197210017"}]}]}}
TpTrace Verbose: 0 : 17540, 7, 2022/05/11, 08:08:59.681, 224995801462, vstest.console.dll, TestRunRequest:SendTestRunStatsChange: Starting.
TpTrace Verbose: 0 : 17540, 7, 2022/05/11, 08:08:59.682, 224995802729, vstest.console.dll, InProgress is Clone_StateUnderTest_ExpectedBehavior
TpTrace Information: 0 : 17540, 7, 2022/05/11, 08:08:59.682, 224995804341, vstest.console.dll, TestRunRequest:SendTestRunStatsChange: Completed.
TpTrace Verbose: 0 : 17540, 7, 2022/05/11, 08:08:59.682, 224995804786, vstest.console.dll, TcpClientExtensions.MessageLoopAsync: Polling on remoteEndPoint: 127.0.0.1:64619 localEndPoint: 127.0.0.1:64618
TpTrace Verbose: 0 : 17540, 7, 2022/05/11, 08:08:59.682, 224995805220, vstest.console.dll, TcpClientExtensions.MessageLoopAsync: NotifyDataAvailable remoteEndPoint: 127.0.0.1:64619 localEndPoint: 127.0.0.1:64618
TpTrace Verbose: 0 : 17540, 7, 2022/05/11, 08:08:59.682, 224995806636, vstest.console.dll, TestRequestSender.OnExecutionMessageReceived: Received message: {"Version":5,"MessageType":"TestExecution.StatsChange","Payload":{"NewTestResults":[{"TestCase":{"Id":"3d4df704-df89-8248-5d45-4ac95e185972","FullyQualifiedName":"GuitarMakerTests.ComponentTests.Clone_StateUnderTest_ExpectedBehavior","DisplayName":"Clone_StateUnderTest_ExpectedBehavior","ExecutorUri":"executor://NUnit3TestExecutor","Source":"C:\\Users\\ninja\\Documents\\GitHub\\project\\src\\GuitarMaker\\GuitarMakerTests\\bin\\Debug\\net5.0-windows\\fine-code-coverage\\build-output\\GuitarMakerTests.dll","CodeFilePath":null,"LineNumber":0,"Properties":[{"Key":{"Id":"NUnit.Seed","Label":"Seed","Category":"","Description":"","Attributes":0,"ValueType":"System.String"},"Value":"197210017"}]},"Attachments":[],"Outcome":1,"ErrorMessage":null,"ErrorStackTrace":null,"DisplayName":"Clone_StateUnderTest_ExpectedBehavior","Messages":[],"ComputerName":"EJ-W10-X1","Duration":"00:00:00.0004490","StartTime":"2022-05-11T13:08:59.6136229+00:00","EndTime":"2022-05-11T13:08:59.6140716+00:00","Properties":[{"Key":{"Id":"NUnit.Seed","Label":"Seed","Category":"","Description":"","Attributes":0,"ValueType":"System.String"},"Value":"197210017"}]},{"TestCase":{"Id":"167b12b6-f153-02aa-e84f-cd129eea0fff","FullyQualifiedName":"GuitarMakerTests.ComponentTests.Equals_StateUnderTest_ExpectedBehavior","DisplayName":"Equals_StateUnderTest_ExpectedBehavior","ExecutorUri":"executor://NUnit3TestExecutor","Source":"C:\\Users\\ninja\\Documents\\GitHub\\project\\src\\GuitarMaker\\GuitarMakerTests\\bin\\Debug\\net5.0-windows\\fine-code-coverage\\build-output\\GuitarMakerTests.dll","CodeFilePath":null,"LineNumber":0,"Properties":[{"Key":{"Id":"NUnit.Seed","Label":"Seed","Category":"","Description":"","Attributes":0,"ValueType":"System.String"},"Value":"1653034385"}]},"Attachments":[],"Outcome":1,"ErrorMessage":null,"ErrorStackTrace":null,"DisplayName":"Equals_StateUnderTest_ExpectedBehavior","Messages":[],"ComputerName":"EJ-W10-X1","Duration":"00:00:00.0001299","StartTime":"2022-05-11T13:08:59.614081+00:00","EndTime":"2022-05-11T13:08:59.6142104+00:00","Properties":[{"Key":{"Id":"NUnit.Seed","Label":"Seed","Category":"","Description":"","Attributes":0,"ValueType":"System.String"},"Value":"1653034385"}]},{"TestCase":{"Id":"499f1a5d-461b-c505-77fa-7365195e27cb","FullyQualifiedName":"GuitarMakerTests.GuitarSaverTests.Export_ExportSuccess_True","DisplayName":"Export_ExportSuccess_True","ExecutorUri":"executor://NUnit3TestExecutor","Source":"C:\\Users\\ninja\\Documents\\GitHub\\project\\src\\GuitarMaker\\GuitarMakerTests\\bin\\Debug\\net5.0-windows\\fine-code-coverage\\build-output\\GuitarMakerTests.dll","CodeFilePath":null,"LineNumber":0,"Properties":[{"Key":{"Id":"NUnit.Seed","Label":"Seed","Category":"","Description":"","Attributes":0,"ValueType":"System.String"},"Value":"1174358502"}]},"Attachments":[],"Outcome":1,"ErrorMessage":null,"ErrorStackTrace":null,"DisplayName":"Export_ExportSuccess_True","Messages":[],"ComputerName":"EJ-W10-X1","Duration":"00:00:00.0085000","StartTime":"2022-05-11T13:08:59.6142955+00:00","EndTime":"2022-05-11T13:08:59.6227951+00:00","Properties":[{"Key":{"Id":"NUnit.Seed","Label":"Seed","Category":"","Description":"","Attributes":0,"ValueType":"System.String"},"Value":"1174358502"}]},{"TestCase":{"Id":"a12ccdc0-7021-b7a0-98ed-c228a3ae510b","FullyQualifiedName":"GuitarMakerTests.GuitarSaverTests.Load_LoadSuccess_True","DisplayName":"Load_LoadSuccess_True","ExecutorUri":"executor://NUnit3TestExecutor","Source":"C:\\Users\\ninja\\Documents\\GitHub\\project\\src\\GuitarMaker\\GuitarMakerTests\\bin\\Debug\\net5.0-windows\\fine-code-coverage\\build-output\\GuitarMakerTests.dll","CodeFilePath":null,"LineNumber":0,"Properties":[{"Key":{"Id":"NUnit.Seed","Label":"Seed","Category":"","Description":"","Attributes":0,"ValueType":"System.String"},"Value":"188405799"}]},"Attachments":[],"Outcome":1,"ErrorMessage":null,"ErrorStackTrace":null,"DisplayName":"Load_LoadSuccess_True","Messages":[],"ComputerName":"EJ-W10-X1","Duration":"00:00:00.0177120","StartTime":"2022-05-11T13:08:59.6228157+00:00","EndTime":"2022-05-11T13:08:59.6405268+00:00","Properties":[{"Key":{"Id":"NUnit.Seed","Label":"Seed","Category":"","Description":"","Attributes":0,"ValueType":"System.String"},"Value":"188405799"}]},{"TestCase":{"Id":"539a3809-89a9-b47e-4f1c-9f20b91b5f31","FullyQualifiedName":"GuitarMakerTests.GuitarSaverTests.Save_SaveSuccess_True","DisplayName":"Save_SaveSuccess_True","ExecutorUri":"executor://NUnit3TestExecutor","Source":"C:\\Users\\ninja\\Documents\\GitHub\\project\\src\\GuitarMaker\\GuitarMakerTests\\bin\\Debug\\net5.0-windows\\fine-code-coverage\\build-output\\GuitarMakerTests.dll","CodeFilePath":null,"LineNumber":0,"Properties":[{"Key":{"Id":"NUnit.Seed","Label":"Seed","Category":"","Description":"","Attributes":0,"ValueType":"System.String"},"Value":"1061391982"}]},"Attachments":[],"Outcome":1,"ErrorMessage":null,"ErrorStackTrace":null,"DisplayName":"Save_SaveSuccess_True","Messages":[],"ComputerName":"EJ-W10-X1","Duration":"00:00:00.0008390","StartTime":"2022-05-11T13:08:59.6405468+00:00","EndTime":"2022-05-11T13:08:59.6413846+00:00","Properties":[{"Key":{"Id":"NUnit.Seed","Label":"Seed","Category":"","Description":"","Attributes":0,"ValueType":"System.String"},"Value":"1061391982"}]},{"TestCase":{"Id":"9a88c79f-43cc-1997-542a-d37e024ea06c","FullyQualifiedName":"GuitarMakerTests.GuitarTest.TestGuitarPrice","DisplayName":"TestGuitarPrice","ExecutorUri":"executor://NUnit3TestExecutor","Source":"C:\\Users\\ninja\\Documents\\GitHub\\project\\src\\GuitarMaker\\GuitarMakerTests\\bin\\Debug\\net5.0-windows\\fine-code-coverage\\build-output\\GuitarMakerTests.dll","CodeFilePath":null,"LineNumber":0,"Properties":[{"Key":{"Id":"NUnit.Seed","Label":"Seed","Category":"","Description":"","Attributes":0,"ValueType":"System.String"},"Value":"463493403"}]},"Attachments":[],"Outcome":1,"ErrorMessage":null,"ErrorStackTrace":null,"DisplayName":"TestGuitarPrice","Messages":[],"ComputerName":"EJ-W10-X1","Duration":"00:00:00.0007090","StartTime":"2022-05-11T13:08:59.6415026+00:00","EndTime":"2022-05-11T13:08:59.6422115+00:00","Properties":[{"Key":{"Id":"NUnit.Seed","Label":"Seed","Category":"","Description":"","Attributes":0,"ValueType":"System.String"},"Value":"463493403"}]},{"TestCase":{"Id":"d9448afb-2312-1dd2-de22-b229299e4018","FullyQualifiedName":"GuitarMakerTests.OpenGuitarCommandTests.Execute_StateUnderTest_ExpectedBehavior","DisplayName":"Execute_StateUnderTest_ExpectedBehavior","ExecutorUri":"executor://NUnit3TestExecutor","Source":"C:\\Users\\ninja\\Documents\\GitHub\\project\\src\\GuitarMaker\\GuitarMakerTests\\bin\\Debug\\net5.0-windows\\fine-code-coverage\\build-output\\GuitarMakerTests.dll","CodeFilePath":null,"LineNumber":0,"Properties":[{"Key":{"Id":"NUnit.Seed","Label":"Seed","Category":"","Description":"","Attributes":0,"ValueType":"System.String"},"Value":"273211246"}]},"Attachments":[],"Outcome":1,"ErrorMessage":null,"ErrorStackTrace":null,"DisplayName":"Execute_StateUnderTest_ExpectedBehavior","Messages":[],"ComputerName":"EJ-W10-X1","Duration":"00:00:00.0052810","StartTime":"2022-05-11T13:08:59.6423175+00:00","EndTime":"2022-05-11T13:08:59.6475979+00:00","Properties":[{"Key":{"Id":"NUnit.Seed","Label":"Seed","Category":"","Description":"","Attributes":0,"ValueType":"System.String"},"Value":"273211246"}]},{"TestCase":{"Id":"b53bb26e-2545-7b49-b21c-ee8192beaafd","FullyQualifiedName":"GuitarMakerTests.OpenGuitarCommandTests.UnExecute_StateUnderTest_ExpectedBehavior","DisplayName":"UnExecute_StateUnderTest_ExpectedBehavior","ExecutorUri":"executor://NUnit3TestExecutor","Source":"C:\\Users\\ninja\\Documents\\GitHub\\project\\src\\GuitarMaker\\GuitarMakerTests\\bin\\Debug\\net5.0-windows\\fine-code-coverage\\build-output\\GuitarMakerTests.dll","CodeFilePath":null,"LineNumber":0,"Properties":[{"Key":{"Id":"NUnit.Seed","Label":"Seed","Category":"","Description":"","Attributes":0,"ValueType":"System.String"},"Value":"1983373901"}]},"Attachments":[],"Outcome":1,"ErrorMessage":null,"ErrorStackTrace":null,"DisplayName":"UnExecute_StateUnderTest_ExpectedBehavior","Messages":[],"ComputerName":"EJ-W10-X1","Duration":"00:00:00.0017120","StartTime":"2022-05-11T13:08:59.6476342+00:00","EndTime":"2022-05-11T13:08:59.6493443+00:00","Properties":[{"Key":{"Id":"NUnit.Seed","Label":"Seed","Category":"","Description":"","Attributes":0,"ValueType":"System.String"},"Value":"1983373901"}]},{"TestCase":{"Id":"844b2e62-f416-9a8d-0e6e-34a9d8dc86f7","FullyQualifiedName":"GuitarMakerTests.PriceCacheTest.TestPriceCache","DisplayName":"TestPriceCache","ExecutorUri":"executor://NUnit3TestExecutor","Source":"C:\\Users\\ninja\\Documents\\GitHub\\project\\src\\GuitarMaker\\GuitarMakerTests\\bin\\Debug\\net5.0-windows\\fine-code-coverage\\build-output\\GuitarMakerTests.dll","CodeFilePath":null,"LineNumber":0,"Properties":[{"Key":{"Id":"NUnit.Seed","Label":"Seed","Category":"","Description":"","Attributes":0,"ValueType":"System.String"},"Value":"1634157719"}]},"Attachments":[],"Outcome":1,"ErrorMessage":null,"ErrorStackTrace":null,"DisplayName":"TestPriceCache","Messages":[],"ComputerName":"EJ-W10-X1","Duration":"00:00:00.0096020","StartTime":"2022-05-11T13:08:59.6495332+00:00","EndTime":"2022-05-11T13:08:59.6591348+00:00","Properties":[{"Key":{"Id":"NUnit.Seed","Label":"Seed","Category":"","Description":"","Attributes":0,"ValueType":"System.String"},"Value":"1634157719"}]}],"TestRunStatistics":{"ExecutedTests":18,"Stats":{"Passed":18}},"ActiveTests":[{"Id":"de024c18-af2d-524a-c7ce-019832de12e7","FullyQualifiedName":"GuitarMakerTests.PriceCacheTest.TestPriceCacheNoFile","DisplayName":"TestPriceCacheNoFile","ExecutorUri":"executor://NUnit3TestExecutor","Source":"C:\\Users\\ninja\\Documents\\GitHub\\project\\src\\GuitarMaker\\GuitarMakerTests\\bin\\Debug\\net5.0-windows\\fine-code-coverage\\build-output\\GuitarMakerTests.dll","CodeFilePath":null,"LineNumber":0,"Properties":[{"Key":{"Id":"NUnit.Seed","Label":"Seed","Category":"","Description":"","Attributes":0,"ValueType":"System.String"},"Value":"645159014"}]}]}}
TpTrace Verbose: 0 : 17540, 7, 2022/05/11, 08:08:59.684, 224995831938, vstest.console.dll, TestRunRequest:SendTestRunStatsChange: Starting.
TpTrace Verbose: 0 : 17540, 7, 2022/05/11, 08:08:59.685, 224995832839, vstest.console.dll, InProgress is TestPriceCacheNoFile
TpTrace Information: 0 : 17540, 7, 2022/05/11, 08:08:59.685, 224995833406, vstest.console.dll, TestRunRequest:SendTestRunStatsChange: Completed.
TpTrace Verbose: 0 : 17540, 7, 2022/05/11, 08:08:59.685, 224995833731, vstest.console.dll, TcpClientExtensions.MessageLoopAsync: Polling on remoteEndPoint: 127.0.0.1:64619 localEndPoint: 127.0.0.1:64618
TpTrace Verbose: 0 : 17540, 7, 2022/05/11, 08:08:59.685, 224995834189, vstest.console.dll, TcpClientExtensions.MessageLoopAsync: NotifyDataAvailable remoteEndPoint: 127.0.0.1:64619 localEndPoint: 127.0.0.1:64618
TpTrace Verbose: 0 : 17540, 7, 2022/05/11, 08:08:59.685, 224995834734, vstest.console.dll, TestRequestSender.OnExecutionMessageReceived: Received message: {"Version":5,"MessageType":"TestSession.Message","Payload":{"MessageLevel":0,"Message":"NUnit Adapter 4.0.0.0: Test execution complete"}}
TpTrace Verbose: 0 : 17540, 7, 2022/05/11, 08:08:59.685, 224995835662, vstest.console.dll, TestRunRequest:SendTestRunMessage: Starting.
TpTrace Information: 0 : 17540, 7, 2022/05/11, 08:08:59.685, 224995836134, vstest.console.dll, TestRunRequest:SendTestRunMessage: Completed.
TpTrace Verbose: 0 : 17540, 7, 2022/05/11, 08:08:59.685, 224995836433, vstest.console.dll, TcpClientExtensions.MessageLoopAsync: Polling on remoteEndPoint: 127.0.0.1:64619 localEndPoint: 127.0.0.1:64618
TpTrace Verbose: 0 : 17540, 7, 2022/05/11, 08:08:59.687, 224995859788, vstest.console.dll, TcpClientExtensions.MessageLoopAsync: NotifyDataAvailable remoteEndPoint: 127.0.0.1:64619 localEndPoint: 127.0.0.1:64618
TpTrace Verbose: 0 : 17540, 7, 2022/05/11, 08:08:59.687, 224995861289, vstest.console.dll, TestRequestSender.OnExecutionMessageReceived: Received message: {"Version":5,"MessageType":"TestExecution.Completed","Payload":{"TestRunCompleteArgs":{"TestRunStatistics":{"ExecutedTests":19,"Stats":{"Passed":19}},"IsCanceled":false,"IsAborted":false,"Error":null,"AttachmentSets":[],"ElapsedTimeInRunningTests":"00:00:00.4510251","Metrics":{}},"LastRunTests":{"NewTestResults":[{"TestCase":{"Id":"de024c18-af2d-524a-c7ce-019832de12e7","FullyQualifiedName":"GuitarMakerTests.PriceCacheTest.TestPriceCacheNoFile","DisplayName":"TestPriceCacheNoFile","ExecutorUri":"executor://NUnit3TestExecutor","Source":"C:\\Users\\ninja\\Documents\\GitHub\\project\\src\\GuitarMaker\\GuitarMakerTests\\bin\\Debug\\net5.0-windows\\fine-code-coverage\\build-output\\GuitarMakerTests.dll","CodeFilePath":null,"LineNumber":0,"Properties":[{"Key":{"Id":"NUnit.Seed","Label":"Seed","Category":"","Description":"","Attributes":0,"ValueType":"System.String"},"Value":"645159014"}]},"Attachments":[],"Outcome":1,"ErrorMessage":null,"ErrorStackTrace":null,"DisplayName":"TestPriceCacheNoFile","Messages":[],"ComputerName":"EJ-W10-X1","Duration":"00:00:00.0008690","StartTime":"2022-05-11T13:08:59.6591577+00:00","EndTime":"2022-05-11T13:08:59.6600264+00:00","Properties":[{"Key":{"Id":"NUnit.Seed","Label":"Seed","Category":"","Description":"","Attributes":0,"ValueType":"System.String"},"Value":"645159014"}]}],"TestRunStatistics":{"ExecutedTests":19,"Stats":{"Passed":19}},"ActiveTests":[]},"RunAttachments":[],"ExecutorUris":["executor://nunit3testexecutor/"]}}
TpTrace Verbose: 0 : 17540, 7, 2022/05/11, 08:08:59.688, 224995863436, vstest.console.dll, TestRequestSender.EndSession: Sending end session.
TpTrace Verbose: 0 : 17540, 7, 2022/05/11, 08:08:59.688, 224995864588, vstest.console.dll, ProxyOperationManager.Close: waiting for test host to exit for 100 ms
TpTrace Warning: 0 : 17540, 13, 2022/05/11, 08:08:59.699, 224995974331, vstest.console.dll, TestHostManagerCallbacks.ErrorReceivedCallback Test host standard error line: 
TpTrace Verbose: 0 : 17540, 8, 2022/05/11, 08:08:59.704, 224996026990, vstest.console.dll, TestHostProvider.ExitCallBack: Host exited starting callback.
TpTrace Information: 0 : 17540, 8, 2022/05/11, 08:08:59.704, 224996031721, vstest.console.dll, TestHostManagerCallbacks.ExitCallBack: Testhost processId: 21268 exited with exitcode: 0 error: ''
TpTrace Verbose: 0 : 17540, 8, 2022/05/11, 08:08:59.705, 224996032346, vstest.console.dll, DotnetTestHostManager.OnHostExited: invoking OnHostExited callback
TpTrace Verbose: 0 : 17540, 8, 2022/05/11, 08:08:59.705, 224996032985, vstest.console.dll, CrossPlatEngine.TestHostManagerHostExited: calling on client process exit callback.
TpTrace Information: 0 : 17540, 8, 2022/05/11, 08:08:59.705, 224996033506, vstest.console.dll, TestRequestSender.OnClientProcessExit: Test host process exited. Standard error: 
TpTrace Information: 0 : 17540, 7, 2022/05/11, 08:08:59.705, 224996033790, vstest.console.dll, SocketServer.Stop: Stop server endPoint: 127.0.0.1:64618
TpTrace Information: 0 : 17540, 7, 2022/05/11, 08:08:59.705, 224996034289, vstest.console.dll, SocketServer.Stop: Cancellation requested. Stopping message loop.
TpTrace Information: 0 : 17540, 8, 2022/05/11, 08:08:59.705, 224996033890, vstest.console.dll, SocketServer.Stop: Stop server endPoint: 127.0.0.1:64618
TpTrace Information: 0 : 17540, 7, 2022/05/11, 08:08:59.705, 224996035151, vstest.console.dll, Closing the connection
TpTrace Information: 0 : 17540, 8, 2022/05/11, 08:08:59.705, 224996035187, vstest.console.dll, SocketServer.Stop: Cancellation requested. Stopping message loop.
TpTrace Warning: 0 : 17540, 7, 2022/05/11, 08:08:59.705, 224996035525, vstest.console.dll, ProxyOperationManager: Timed out waiting for test host to exit. Will terminate process.
TpTrace Verbose: 0 : 17540, 7, 2022/05/11, 08:08:59.705, 224996039361, vstest.console.dll, ProxyDataCollectionManager.InvokeDataCollectionServiceAction: Starting.
TpTrace Information: 0 : 17540, 7, 2022/05/11, 08:08:59.705, 224996039833, vstest.console.dll, ProxyDataCollectionManager.AfterTestRunEnd: Get attachment set for datacollector processId: 1756 port: 64614
TpTrace Verbose: 0 : 17540, 7, 2022/05/11, 08:08:59.705, 224996040303, vstest.console.dll, DataCollectionRequestSender.SendAfterTestRunStartAndGetResult : Send AfterTestRunEnd message with isCancelled: False
TpTrace Verbose: 0 : 17540, 7, 2022/05/11, 08:08:59.708, 224996069156, vstest.console.dll, DataCollectionRequestSender.SendAfterTestRunStartAndGetResult : Received message: (DataCollection.AfterTestRunEndResult) -> {
  "AttachmentSets": [],
  "Metrics": {}
}
TpTrace Information: 0 : 17540, 7, 2022/05/11, 08:08:59.710, 224996086913, vstest.console.dll, ProxyDataCollectionManager.InvokeDataCollectionServiceAction: Completed.
TpTrace Warning: 0 : 17540, 10, 2022/05/11, 08:08:59.712, 224996105865, vstest.console.dll, DataCollectionLauncher.ErrorReceivedCallback datacollector standard error line: 
TpTrace Information: 0 : 17540, 8, 2022/05/11, 08:08:59.715, 224996140438, vstest.console.dll, DataCollectionLauncher.ExitCallBack: Data collector exited with exitcode: 0 error: ''
TpTrace Verbose: 0 : 17540, 7, 2022/05/11, 08:08:59.726, 224996250831, vstest.console.dll, TestRunRequest:SendTestRunStatsChange: Starting.
TpTrace Information: 0 : 17540, 7, 2022/05/11, 08:08:59.726, 224996251808, vstest.console.dll, TestRunRequest:SendTestRunStatsChange: Completed.
TpTrace Verbose: 0 : 17540, 7, 2022/05/11, 08:08:59.727, 224996253175, vstest.console.dll, ParallelProxyExecutionManager: HandlePartialRunComplete: Total completed clients = 1, Run complete = True, Run canceled: False.
TpTrace Verbose: 0 : 17540, 7, 2022/05/11, 08:08:59.742, 224996405987, vstest.console.dll, TestRunRequest:TestRunComplete: Starting. IsAborted:False IsCanceled:False.
TpTrace Verbose: 0 : 17540, 7, 2022/05/11, 08:08:59.742, 224996407595, vstest.console.dll, TestLoggerManager.HandleTestRunComplete: Ignoring as the object is disposed.
TpTrace Information: 0 : 17540, 7, 2022/05/11, 08:08:59.742, 224996409777, vstest.console.dll, TestRunRequest:TestRunComplete: Completed.
TpTrace Verbose: 0 : 17540, 7, 2022/05/11, 08:08:59.742, 224996410251, vstest.console.dll, TestRequestSender.SetOperationComplete: Setting operation complete.
TpTrace Information: 0 : 17540, 7, 2022/05/11, 08:08:59.742, 224996410568, vstest.console.dll, SocketServer.Stop: Stop server endPoint: 127.0.0.1:64618
TpTrace Verbose: 0 : 17540, 1, 2022/05/11, 08:08:59.742, 224996410311, vstest.console.dll, TestRunRequest.Dispose: Starting.
TpTrace Information: 0 : 17540, 1, 2022/05/11, 08:08:59.742, 224996411423, vstest.console.dll, TestRunRequest.Dispose: Completed.
TpTrace Information: 0 : 17540, 1, 2022/05/11, 08:08:59.742, 224996411873, vstest.console.dll, TestRequestManager.RunTests: run tests completed.
TpTrace Information: 0 : 17540, 1, 2022/05/11, 08:08:59.743, 224996412557, vstest.console.dll, RunTestsArgumentProcessor:Execute: Test run is completed.
TpTrace Verbose: 0 : 17540, 1, 2022/05/11, 08:08:59.743, 224996414053, vstest.console.dll, Executor.Execute: Exiting with exit code of 0
TpTrace Information: 0 : 17540, 7, 2022/05/11, 08:08:59.742, 224996410834, vstest.console.dll, SocketServer.Stop: Cancellation requested. Stopping message loop.
TpTrace Information: 0 : 17540, 7, 2022/05/11, 08:08:59.743, 224996415252, vstest.console.dll, SocketServer.PrivateStop: Stopping server endPoint: 127.0.0.1:64618 error: 
